        -:    0:Source:bc.c
        -:    0:Graph:/Users/kimseoye/Developer/git/TheFuzzingBook/2_lexical_fuzzing/4_greybox_fuzzing/fuzzing_architecture/lib/bc-1.07.1/bc/bc.gcno
        -:    0:Data:-
        -:    0:Runs:0
        -:    0:Programs:0
        -:    1:/* A Bison parser, made by GNU Bison 3.0.2.  */
        -:    2:
        -:    3:/* Bison implementation for Yacc-like parsers in C
        -:    4:
        -:    5:   Copyright (C) 1984, 1989-1990, 2000-2013 Free Software Foundation, Inc.
        -:    6:
        -:    7:   This program is free software: you can redistribute it and/or modify
        -:    8:   it under the terms of the GNU General Public License as published by
        -:    9:   the Free Software Foundation, either version 3 of the License, or
        -:   10:   (at your option) any later version.
        -:   11:
        -:   12:   This program is distributed in the hope that it will be useful,
        -:   13:   but WITHOUT ANY WARRANTY; without even the implied warranty of
        -:   14:   MERCHANTABILITY or FITNESS FOR A PARTICULAR PURPOSE.  See the
        -:   15:   GNU General Public License for more details.
        -:   16:
        -:   17:   You should have received a copy of the GNU General Public License
        -:   18:   along with this program.  If not, see <http://www.gnu.org/licenses/>.  */
        -:   19:
        -:   20:/* As a special exception, you may create a larger work that contains
        -:   21:   part or all of the Bison parser skeleton and distribute that work
        -:   22:   under terms of your choice, so long as that work isn't itself a
        -:   23:   parser generator using the skeleton or a modified version thereof
        -:   24:   as a parser skeleton.  Alternatively, if you modify or redistribute
        -:   25:   the parser skeleton itself, you may (at your option) remove this
        -:   26:   special exception, which will cause the skeleton and the resulting
        -:   27:   Bison output files to be licensed under the GNU General Public
        -:   28:   License without this special exception.
        -:   29:
        -:   30:   This special exception was added by the Free Software Foundation in
        -:   31:   version 2.2 of Bison.  */
        -:   32:
        -:   33:/* C LALR(1) parser skeleton written by Richard Stallman, by
        -:   34:   simplifying the original so-called "semantic" parser.  */
        -:   35:
        -:   36:/* All symbols defined below should begin with yy or YY, to avoid
        -:   37:   infringing on user name space.  This should be done even for local
        -:   38:   variables, as they might otherwise be expanded by user macros.
        -:   39:   There are some unavoidable exceptions within include files to
        -:   40:   define necessary library symbols; they are noted "INFRINGES ON
        -:   41:   USER NAME SPACE" below.  */
        -:   42:
        -:   43:/* Identify Bison output.  */
        -:   44:#define YYBISON 1
        -:   45:
        -:   46:/* Bison version.  */
        -:   47:#define YYBISON_VERSION "3.0.2"
        -:   48:
        -:   49:/* Skeleton name.  */
        -:   50:#define YYSKELETON_NAME "yacc.c"
        -:   51:
        -:   52:/* Pure parsers.  */
        -:   53:#define YYPURE 0
        -:   54:
        -:   55:/* Push parsers.  */
        -:   56:#define YYPUSH 0
        -:   57:
        -:   58:/* Pull parsers.  */
        -:   59:#define YYPULL 1
        -:   60:
        -:   61:
        -:   62:
        -:   63:
        -:   64:/* Copy the first part of user declarations.  */
        -:   65:#line 31 "../../bc/bc.y" /* yacc.c:339  */
        -:   66:
        -:   67:
        -:   68:#include "bcdefs.h"
        -:   69:#include "global.h"
        -:   70:#include "proto.h"
        -:   71:
        -:   72:/* current function number. */
        -:   73:int cur_func = -1;
        -:   74:
        -:   75:/* Expression encoded information -- See comment at expression rules. */
        -:   76:#define EX_ASSGN 0 
        -:   77:#define EX_REG   1
        -:   78:#define EX_COMP  2
        -:   79:#define EX_PAREN 4
        -:   80:#define EX_VOID  8 
        -:   81:#define EX_EMPTY 16
        -:   82:
        -:   83:
        -:   84:#line 85 "bc.c" /* yacc.c:339  */
        -:   85:
        -:   86:# ifndef YY_NULLPTR
        -:   87:#  if defined __cplusplus && 201103L <= __cplusplus
        -:   88:#   define YY_NULLPTR nullptr
        -:   89:#  else
        -:   90:#   define YY_NULLPTR 0
        -:   91:#  endif
        -:   92:# endif
        -:   93:
        -:   94:/* Enabling verbose error messages.  */
        -:   95:#ifdef YYERROR_VERBOSE
        -:   96:# undef YYERROR_VERBOSE
        -:   97:# define YYERROR_VERBOSE 1
        -:   98:#else
        -:   99:# define YYERROR_VERBOSE 0
        -:  100:#endif
        -:  101:
        -:  102:/* In a future release of Bison, this section will be replaced
        -:  103:   by #include "y.tab.h".  */
        -:  104:#ifndef YY_YY_BC_H_INCLUDED
        -:  105:# define YY_YY_BC_H_INCLUDED
        -:  106:/* Debug traces.  */
        -:  107:#ifndef YYDEBUG
        -:  108:# define YYDEBUG 0
        -:  109:#endif
        -:  110:#if YYDEBUG
        -:  111:extern int yydebug;
        -:  112:#endif
        -:  113:
        -:  114:/* Token type.  */
        -:  115:#ifndef YYTOKENTYPE
        -:  116:# define YYTOKENTYPE
        -:  117:  enum yytokentype
        -:  118:  {
        -:  119:    ENDOFLINE = 258,
        -:  120:    AND = 259,
        -:  121:    OR = 260,
        -:  122:    NOT = 261,
        -:  123:    STRING = 262,
    #####:  124:    NAME = 263,
    #####:  125:    NUMBER = 264,
branch  0 never executed
branch  1 never executed
        -:  126:    ASSIGN_OP = 265,
    #####:  127:    REL_OP = 266,
    #####:  128:    INCR_DECR = 267,
    #####:  129:    Define = 268,
        -:  130:    Break = 269,
        -:  131:    Quit = 270,
        -:  132:    Length = 271,
        -:  133:    Return = 272,
    #####:  134:    For = 273,
        -:  135:    If = 274,
    #####:  136:    While = 275,
        -:  137:    Sqrt = 276,
        -:  138:    Else = 277,
        -:  139:    Scale = 278,
    #####:  140:    Ibase = 279,
        -:  141:    Obase = 280,
        -:  142:    Auto = 281,
        -:  143:    Read = 282,
        -:  144:    Random = 283,
    #####:  145:    Warranty = 284,
        -:  146:    Halt = 285,
        -:  147:    Last = 286,
    #####:  148:    Continue = 287,
        -:  149:    Print = 288,
        -:  150:    Limits = 289,
        -:  151:    UNARY_MINUS = 290,
        -:  152:    HistoryVar = 291,
        -:  153:    Void = 292
    #####:  154:  };
        -:  155:#endif
        -:  156:/* Tokens.  */
        -:  157:#define ENDOFLINE 258
        -:  158:#define AND 259
        -:  159:#define OR 260
        -:  160:#define NOT 261
        -:  161:#define STRING 262
        -:  162:#define NAME 263
    #####:  163:#define NUMBER 264
        -:  164:#define ASSIGN_OP 265
        -:  165:#define REL_OP 266
    #####:  166:#define INCR_DECR 267
        -:  167:#define Define 268
    #####:  168:#define Break 269
        -:  169:#define Quit 270
        -:  170:#define Length 271
    #####:  171:#define Return 272
branch  0 never executed
branch  1 never executed
    #####:  172:#define For 273
    #####:  173:#define If 274
branch  0 never executed
branch  1 never executed
    #####:  174:#define While 275
        -:  175:#define Sqrt 276
    #####:  176:#define Else 277
        -:  177:#define Scale 278
        -:  178:#define Ibase 279
        -:  179:#define Obase 280
    #####:  180:#define Auto 281
    #####:  181:#define Read 282
    #####:  182:#define Random 283
    #####:  183:#define Warranty 284
        -:  184:#define Halt 285
        -:  185:#define Last 286
        -:  186:#define Continue 287
    #####:  187:#define Print 288
branch  0 never executed
branch  1 never executed
    #####:  188:#define Limits 289
        -:  189:#define UNARY_MINUS 290
        -:  190:#define HistoryVar 291
    #####:  191:#define Void 292
        -:  192:
    #####:  193:/* Value type.  */
        -:  194:#if ! defined YYSTYPE && ! defined YYSTYPE_IS_DECLARED
        -:  195:typedef union YYSTYPE YYSTYPE;
        -:  196:union YYSTYPE
        -:  197:{
    #####:  198:#line 52 "../../bc/bc.y" /* yacc.c:355  */
    #####:  199:
branch  0 never executed
branch  1 never executed
    #####:  200:	char	 *s_value;
        -:  201:	char	  c_value;
        -:  202:	int	  i_value;
    #####:  203:	arg_list *a_value;
        -:  204:       
    #####:  205:
        -:  206:#line 207 "bc.c" /* yacc.c:355  */
        -:  207:};
        -:  208:# define YYSTYPE_IS_TRIVIAL 1
    #####:  209:# define YYSTYPE_IS_DECLARED 1
        -:  210:#endif
    #####:  211:
        -:  212:
    #####:  213:extern YYSTYPE yylval;
        -:  214:
        -:  215:int yyparse (void);
    #####:  216:
    #####:  217:#endif /* !YY_YY_BC_H_INCLUDED  */
        -:  218:
        -:  219:/* Copy the second part of user declarations.  */
        -:  220:
    #####:  221:#line 222 "bc.c" /* yacc.c:358  */
branch  0 never executed
branch  1 never executed
    #####:  222:
    #####:  223:#ifdef short
branch  0 never executed
branch  1 never executed
    #####:  224:# undef short
    #####:  225:#endif
branch  0 never executed
branch  1 never executed
    #####:  226:
    #####:  227:#ifdef YYTYPE_UINT8
    #####:  228:typedef YYTYPE_UINT8 yytype_uint8;
    #####:  229:#else
        -:  230:typedef unsigned char yytype_uint8;
        -:  231:#endif
        -:  232:
    #####:  233:#ifdef YYTYPE_INT8
branch  0 never executed
branch  1 never executed
    #####:  234:typedef YYTYPE_INT8 yytype_int8;
    #####:  235:#else
branch  0 never executed
branch  1 never executed
    #####:  236:typedef signed char yytype_int8;
    #####:  237:#endif
        -:  238:
    #####:  239:#ifdef YYTYPE_UINT16
    #####:  240:typedef YYTYPE_UINT16 yytype_uint16;
    #####:  241:#else
    #####:  242:typedef unsigned short int yytype_uint16;
        -:  243:#endif
    #####:  244:
        -:  245:#ifdef YYTYPE_INT16
        -:  246:typedef YYTYPE_INT16 yytype_int16;
        -:  247:#else
    #####:  248:typedef short int yytype_int16;
branch  0 never executed
branch  1 never executed
    #####:  249:#endif
    #####:  250:
branch  0 never executed
branch  1 never executed
    #####:  251:#ifndef YYSIZE_T
    #####:  252:# ifdef __SIZE_TYPE__
branch  0 never executed
branch  1 never executed
    #####:  253:#  define YYSIZE_T __SIZE_TYPE__
        -:  254:# elif defined size_t
    #####:  255:#  define YYSIZE_T size_t
    #####:  256:# elif ! defined YYSIZE_T
        -:  257:#  include <stddef.h> /* INFRINGES ON USER NAME SPACE */
        -:  258:#  define YYSIZE_T size_t
        -:  259:# else
    #####:  260:#  define YYSIZE_T unsigned int
        -:  261:# endif
    #####:  262:#endif
    #####:  263:
    #####:  264:#define YYSIZE_MAXIMUM ((YYSIZE_T) -1)
        -:  265:
        -:  266:#ifndef YY_
        -:  267:# if defined YYENABLE_NLS && YYENABLE_NLS
    #####:  268:#  if ENABLE_NLS
branch  0 never executed
branch  1 never executed
    #####:  269:#   include <libintl.h> /* INFRINGES ON USER NAME SPACE */
    #####:  270:#   define YY_(Msgid) dgettext ("bison-runtime", Msgid)
    #####:  271:#  endif
    #####:  272:# endif
    #####:  273:# ifndef YY_
        -:  274:#  define YY_(Msgid) Msgid
        -:  275:# endif
        -:  276:#endif
    #####:  277:
    #####:  278:#ifndef YY_ATTRIBUTE
    #####:  279:# if (defined __GNUC__                                               \
        -:  280:      && (2 < __GNUC__ || (__GNUC__ == 2 && 96 <= __GNUC_MINOR__)))  \
        -:  281:     || defined __SUNPRO_C && 0x5110 <= __SUNPRO_C
        -:  282:#  define YY_ATTRIBUTE(Spec) __attribute__(Spec)
    #####:  283:# else
    #####:  284:#  define YY_ATTRIBUTE(Spec) /* empty */
    #####:  285:# endif
        -:  286:#endif
    #####:  287:
        -:  288:#ifndef YY_ATTRIBUTE_PURE
        -:  289:# define YY_ATTRIBUTE_PURE   YY_ATTRIBUTE ((__pure__))
        -:  290:#endif
    #####:  291:
branch  0 never executed
branch  1 never executed
    #####:  292:#ifndef YY_ATTRIBUTE_UNUSED
    #####:  293:# define YY_ATTRIBUTE_UNUSED YY_ATTRIBUTE ((__unused__))
    #####:  294:#endif
    #####:  295:
    #####:  296:#if !defined _Noreturn \
        -:  297:     && (!defined __STDC_VERSION__ || __STDC_VERSION__ < 201112)
        -:  298:# if defined _MSC_VER && 1200 <= _MSC_VER
        -:  299:#  define _Noreturn __declspec (noreturn)
    #####:  300:# else
        -:  301:#  define _Noreturn YY_ATTRIBUTE ((__noreturn__))
    #####:  302:# endif
    #####:  303:#endif
    #####:  304:
        -:  305:/* Suppress unused-variable warnings by "using" E.  */
        -:  306:#if ! defined lint || defined __GNUC__
    #####:  307:# define YYUSE(E) ((void) (E))
        -:  308:#else
    #####:  309:# define YYUSE(E) /* empty */
        -:  310:#endif
        -:  311:
        -:  312:#if defined __GNUC__ && 407 <= __GNUC__ * 100 + __GNUC_MINOR__
        -:  313:/* Suppress an incorrect diagnostic about yylval being uninitialized.  */
        -:  314:# define YY_IGNORE_MAYBE_UNINITIALIZED_BEGIN \
        -:  315:    _Pragma ("GCC diagnostic push") \
        -:  316:    _Pragma ("GCC diagnostic ignored \"-Wuninitialized\"")\
    #####:  317:    _Pragma ("GCC diagnostic ignored \"-Wmaybe-uninitialized\"")
    #####:  318:# define YY_IGNORE_MAYBE_UNINITIALIZED_END \
    #####:  319:    _Pragma ("GCC diagnostic pop")
        -:  320:#else
        -:  321:# define YY_INITIAL_VALUE(Value) Value
        -:  322:#endif
    #####:  323:#ifndef YY_IGNORE_MAYBE_UNINITIALIZED_BEGIN
branch  0 never executed
branch  1 never executed
    #####:  324:# define YY_IGNORE_MAYBE_UNINITIALIZED_BEGIN
    #####:  325:# define YY_IGNORE_MAYBE_UNINITIALIZED_END
        -:  326:#endif
        -:  327:#ifndef YY_INITIAL_VALUE
        -:  328:# define YY_INITIAL_VALUE(Value) /* Nothing. */
        -:  329:#endif
        -:  330:
    #####:  331:
    #####:  332:#if ! defined yyoverflow || YYERROR_VERBOSE
    #####:  333:
        -:  334:/* The parser invokes alloca or malloc; define the necessary symbols.  */
    #####:  335:
    #####:  336:# ifdef YYSTACK_USE_ALLOCA
        -:  337:#  if YYSTACK_USE_ALLOCA
        -:  338:#   ifdef __GNUC__
        -:  339:#    define YYSTACK_ALLOC __builtin_alloca
        -:  340:#   elif defined __BUILTIN_VA_ARG_INCR
        -:  341:#    include <alloca.h> /* INFRINGES ON USER NAME SPACE */
        -:  342:#   elif defined _AIX
        -:  343:#    define YYSTACK_ALLOC __alloca
    #####:  344:#   elif defined _MSC_VER
    #####:  345:#    include <malloc.h> /* INFRINGES ON USER NAME SPACE */
    #####:  346:#    define alloca _alloca
    #####:  347:#   else
    #####:  348:#    define YYSTACK_ALLOC alloca
    #####:  349:#    if ! defined _ALLOCA_H && ! defined EXIT_SUCCESS
    #####:  350:#     include <stdlib.h> /* INFRINGES ON USER NAME SPACE */
        -:  351:      /* Use EXIT_SUCCESS as a witness for stdlib.h.  */
    #####:  352:#     ifndef EXIT_SUCCESS
    #####:  353:#      define EXIT_SUCCESS 0
    #####:  354:#     endif
    #####:  355:#    endif
    #####:  356:#   endif
    #####:  357:#  endif
        -:  358:# endif
        -:  359:
        -:  360:# ifdef YYSTACK_ALLOC
    #####:  361:   /* Pacify GCC's 'empty if-body' warning.  */
    #####:  362:#  define YYSTACK_FREE(Ptr) do { /* empty */; } while (0)
    #####:  363:#  ifndef YYSTACK_ALLOC_MAXIMUM
        -:  364:    /* The OS might guarantee only one guard page at the bottom of the stack,
        -:  365:       and a page size can be as small as 4096 bytes.  So we cannot safely
        -:  366:       invoke alloca (N) if N exceeds 4096.  Use a slightly smaller number
    #####:  367:       to allow for a few compiler-allocated temporary stack slots.  */
        -:  368:#   define YYSTACK_ALLOC_MAXIMUM 4032 /* reasonable circa 2006 */
        -:  369:#  endif
    #####:  370:# else
    #####:  371:#  define YYSTACK_ALLOC YYMALLOC
        -:  372:#  define YYSTACK_FREE YYFREE
        -:  373:#  ifndef YYSTACK_ALLOC_MAXIMUM
        -:  374:#   define YYSTACK_ALLOC_MAXIMUM YYSIZE_MAXIMUM
        -:  375:#  endif
        -:  376:#  if (defined __cplusplus && ! defined EXIT_SUCCESS \
        -:  377:       && ! ((defined YYMALLOC || defined malloc) \
        -:  378:             && (defined YYFREE || defined free)))
        -:  379:#   include <stdlib.h> /* INFRINGES ON USER NAME SPACE */
        -:  380:#   ifndef EXIT_SUCCESS
    #####:  381:#    define EXIT_SUCCESS 0
        -:  382:#   endif
    #####:  383:#  endif
        -:  384:#  ifndef YYMALLOC
        -:  385:#   define YYMALLOC malloc
    #####:  386:#   if ! defined malloc && ! defined EXIT_SUCCESS
        -:  387:void *malloc (YYSIZE_T); /* INFRINGES ON USER NAME SPACE */
    #####:  388:#   endif
        -:  389:#  endif
    #####:  390:#  ifndef YYFREE
    #####:  391:#   define YYFREE free
        -:  392:#   if ! defined free && ! defined EXIT_SUCCESS
        -:  393:void free (void *); /* INFRINGES ON USER NAME SPACE */
    #####:  394:#   endif
    #####:  395:#  endif
        -:  396:# endif
        -:  397:#endif /* ! defined yyoverflow || YYERROR_VERBOSE */
    #####:  398:
        -:  399:
    #####:  400:#if (! defined yyoverflow \
        -:  401:     && (! defined __cplusplus \
    #####:  402:         || (defined YYSTYPE_IS_TRIVIAL && YYSTYPE_IS_TRIVIAL)))
    #####:  403:
        -:  404:/* A type that is properly aligned for any stack member.  */
        -:  405:union yyalloc
    #####:  406:{
    #####:  407:  yytype_int16 yyss_alloc;
        -:  408:  YYSTYPE yyvs_alloc;
        -:  409:};
        -:  410:
        -:  411:/* The size of the maximum gap between one aligned stack and the next.  */
        -:  412:# define YYSTACK_GAP_MAXIMUM (sizeof (union yyalloc) - 1)
        -:  413:
        -:  414:/* The size of an array large to enough to hold all stacks, each with
        -:  415:   N elements.  */
    #####:  416:# define YYSTACK_BYTES(N) \
branch  0 never executed
branch  1 never executed
    #####:  417:     ((N) * (sizeof (yytype_int16) + sizeof (YYSTYPE)) \
    #####:  418:      + YYSTACK_GAP_MAXIMUM)
branch  0 never executed
branch  1 never executed
    #####:  419:
    #####:  420:# define YYCOPY_NEEDED 1
        -:  421:
        -:  422:/* Relocate STACK from its old location to the new one.  The
        -:  423:   local variables YYSIZE and YYSTACKSIZE give the old and new number of
    #####:  424:   elements in the stack, and YYPTR gives the new location of the
        -:  425:   stack.  Advance YYPTR to a properly aligned location for the next
    #####:  426:   stack.  */
    #####:  427:# define YYSTACK_RELOCATE(Stack_alloc, Stack)                           \
        -:  428:    do                                                                  \
        -:  429:      {                                                                 \
        -:  430:        YYSIZE_T yynewbytes;                                            \
    #####:  431:        YYCOPY (&yyptr->Stack_alloc, Stack, yysize);                    \
branch  0 never executed
branch  1 never executed
    #####:  432:        Stack = &yyptr->Stack_alloc;                                    \
    #####:  433:        yynewbytes = yystacksize * sizeof (*Stack) + YYSTACK_GAP_MAXIMUM; \
branch  0 never executed
branch  1 never executed
    #####:  434:        yyptr += yynewbytes / sizeof (*yyptr);                          \
    #####:  435:      }                                                                 \
        -:  436:    while (0)
        -:  437:
        -:  438:#endif
    #####:  439:
        -:  440:#if defined YYCOPY_NEEDED && YYCOPY_NEEDED
    #####:  441:/* Copy COUNT objects from SRC to DST.  The source and destination do
    #####:  442:   not overlap.  */
        -:  443:# ifndef YYCOPY
        -:  444:#  if defined __GNUC__ && 1 < __GNUC__
        -:  445:#   define YYCOPY(Dst, Src, Count) \
        -:  446:      __builtin_memcpy (Dst, Src, (Count) * sizeof (*(Src)))
        -:  447:#  else
        -:  448:#   define YYCOPY(Dst, Src, Count)              \
        -:  449:      do                                        \
        -:  450:        {                                       \
        -:  451:          YYSIZE_T yyi;                         \
        -:  452:          for (yyi = 0; yyi < (Count); yyi++)   \
        -:  453:            (Dst)[yyi] = (Src)[yyi];            \
        -:  454:        }                                       \
        -:  455:      while (0)
        -:  456:#  endif
    #####:  457:# endif
    #####:  458:#endif /* !YYCOPY_NEEDED */
        -:  459:
        -:  460:/* YYFINAL -- State number of the termination state.  */
        -:  461:#define YYFINAL  2
        -:  462:/* YYLAST -- Last index in YYTABLE.  */
        -:  463:#define YYLAST   719
    #####:  464:
    #####:  465:/* YYNTOKENS -- Number of terminals.  */
    #####:  466:#define YYNTOKENS  53
branch  0 never executed
branch  1 never executed
    #####:  467:/* YYNNTS -- Number of nonterminals.  */
        -:  468:#define YYNNTS  36
        -:  469:/* YYNRULES -- Number of rules.  */
        -:  470:#define YYNRULES  112
    #####:  471:/* YYNSTATES -- Number of states.  */
branch  0 never executed
branch  1 never executed
    #####:  472:#define YYNSTATES  198
    #####:  473:
branch  0 never executed
branch  1 never executed
    #####:  474:/* YYTRANSLATE[YYX] -- Symbol number corresponding to YYX as returned
    #####:  475:   by yylex, with out-of-bounds checking.  */
branch  0 never executed
branch  1 never executed
    #####:  476:#define YYUNDEFTOK  2
    #####:  477:#define YYMAXUTOK   292
branch  0 never executed
branch  1 never executed
    #####:  478:
    #####:  479:#define YYTRANSLATE(YYX)                                                \
branch  0 never executed
branch  1 never executed
    #####:  480:  ((unsigned int) (YYX) <= YYMAXUTOK ? yytranslate[YYX] : YYUNDEFTOK)
        -:  481:
        -:  482:/* YYTRANSLATE[TOKEN-NUM] -- Symbol number corresponding to TOKEN-NUM
        -:  483:   as returned by yylex, without out-of-bounds checking.  */
        -:  484:static const yytype_uint8 yytranslate[] =
    #####:  485:{
branch  0 never executed
branch  1 never executed
        -:  486:       0,     2,     2,     2,     2,     2,     2,     2,     2,     2,
    #####:  487:       2,     2,     2,     2,     2,     2,     2,     2,     2,     2,
branch  0 never executed
branch  1 never executed
    #####:  488:       2,     2,     2,     2,     2,     2,     2,     2,     2,     2,
        -:  489:       2,     2,     2,     2,     2,     2,     2,    42,    52,     2,
    #####:  490:      45,    46,    40,    38,    49,    39,     2,    41,     2,     2,
    #####:  491:       2,     2,     2,     2,     2,     2,     2,     2,     2,    44,
    #####:  492:       2,     2,     2,     2,     2,     2,     2,     2,     2,     2,
        -:  493:       2,     2,     2,     2,     2,     2,     2,     2,     2,     2,
        -:  494:       2,     2,     2,     2,     2,     2,     2,     2,     2,     2,
        -:  495:       2,    50,     2,    51,    43,     2,     2,     2,     2,     2,
    #####:  496:       2,     2,     2,     2,     2,     2,     2,     2,     2,     2,
branch  0 never executed
branch  1 never executed
    #####:  497:       2,     2,     2,     2,     2,     2,     2,     2,     2,     2,
    #####:  498:       2,     2,     2,    47,     2,    48,     2,     2,     2,     2,
branch  0 never executed
branch  1 never executed
    #####:  499:       2,     2,     2,     2,     2,     2,     2,     2,     2,     2,
    #####:  500:       2,     2,     2,     2,     2,     2,     2,     2,     2,     2,
branch  0 never executed
branch  1 never executed
        -:  501:       2,     2,     2,     2,     2,     2,     2,     2,     2,     2,
    #####:  502:       2,     2,     2,     2,     2,     2,     2,     2,     2,     2,
    #####:  503:       2,     2,     2,     2,     2,     2,     2,     2,     2,     2,
    #####:  504:       2,     2,     2,     2,     2,     2,     2,     2,     2,     2,
    #####:  505:       2,     2,     2,     2,     2,     2,     2,     2,     2,     2,
branch  0 never executed
branch  1 never executed
    #####:  506:       2,     2,     2,     2,     2,     2,     2,     2,     2,     2,
        -:  507:       2,     2,     2,     2,     2,     2,     2,     2,     2,     2,
    #####:  508:       2,     2,     2,     2,     2,     2,     2,     2,     2,     2,
    #####:  509:       2,     2,     2,     2,     2,     2,     2,     2,     2,     2,
    #####:  510:       2,     2,     2,     2,     2,     2,     2,     2,     2,     2,
        -:  511:       2,     2,     2,     2,     2,     2,     1,     2,     3,     4,
        -:  512:       5,     6,     7,     8,     9,    10,    11,    12,    13,    14,
        -:  513:      15,    16,    17,    18,    19,    20,    21,    22,    23,    24,
    #####:  514:      25,    26,    27,    28,    29,    30,    31,    32,    33,    34,
    #####:  515:      35,    36,    37
    #####:  516:};
    #####:  517:
        -:  518:#if YYDEBUG
        -:  519:  /* YYRLINE[YYN] -- Source line where rule number YYN was defined.  */
        -:  520:static const yytype_uint16 yyrline[] =
    #####:  521:{
branch  0 never executed
branch  1 never executed
branch  2 never executed
branch  3 never executed
    #####:  522:       0,   123,   123,   131,   133,   135,   137,   143,   144,   148,
    #####:  523:     149,   150,   151,   154,   155,   156,   157,   158,   159,   161,
    #####:  524:     162,   165,   167,   169,   178,   185,   196,   208,   210,   212,
    #####:  525:     215,   220,   232,   247,   214,   267,   266,   282,   290,   281,
        -:  526:     306,   309,   308,   312,   313,   315,   321,   328,   330,   329,
        -:  527:     342,   340,   367,   368,   375,   376,   379,   380,   382,   385,
        -:  528:     387,   389,   393,   397,   399,   401,   405,   411,   412,   414,
    #####:  529:     422,   429,   437,   456,   460,   463,   469,   484,   483,   513,
    #####:  530:     512,   528,   527,   545,   553,   584,   591,   598,   605,   612,
    #####:  531:     619,   626,   633,   642,   658,   664,   684,   703,   726,   733,
    #####:  532:     740,   747,   753,   760,   762,   770,   772,   774,   776,   780,
        -:  533:     787,   788,   789
        -:  534:};
        -:  535:#endif
        -:  536:
    #####:  537:#if YYDEBUG || YYERROR_VERBOSE || 0
branch  0 never executed
branch  1 never executed
branch  2 never executed
branch  3 never executed
    #####:  538:/* YYTNAME[SYMBOL-NUM] -- String name of the symbol SYMBOL-NUM.
    #####:  539:   First, the terminals, then, starting at YYNTOKENS, nonterminals.  */
    #####:  540:static const char *const yytname[] =
        -:  541:{
    #####:  542:  "$end", "error", "$undefined", "ENDOFLINE", "AND", "OR", "NOT",
    #####:  543:  "STRING", "NAME", "NUMBER", "ASSIGN_OP", "REL_OP", "INCR_DECR", "Define",
        -:  544:  "Break", "Quit", "Length", "Return", "For", "If", "While", "Sqrt",
        -:  545:  "Else", "Scale", "Ibase", "Obase", "Auto", "Read", "Random", "Warranty",
        -:  546:  "Halt", "Last", "Continue", "Print", "Limits", "UNARY_MINUS",
    #####:  547:  "HistoryVar", "Void", "'+'", "'-'", "'*'", "'/'", "'%'", "'^'", "';'",
branch  0 never executed
branch  1 never executed
    #####:  548:  "'('", "')'", "'{'", "'}'", "','", "'['", "']'", "'&'", "$accept",
    #####:  549:  "program", "input_item", "opt_newline", "semicolon_list",
    #####:  550:  "statement_list", "statement_or_error", "statement", "$@1", "$@2", "@3",
    #####:  551:  "$@4", "$@5", "$@6", "$@7", "$@8", "print_list", "print_element",
        -:  552:  "opt_else", "$@9", "function", "$@10", "opt_void", "opt_parameter_list",
        -:  553:  "opt_auto_define_list", "define_list", "opt_argument_list",
        -:  554:  "argument_list", "opt_expression", "return_expression", "expression",
    #####:  555:  "$@11", "$@12", "$@13", "named_expression", "required_eol", YY_NULLPTR
branch  0 never executed
branch  1 never executed
branch  2 never executed
branch  3 never executed
    #####:  556:};
    #####:  557:#endif
    #####:  558:
branch  0 never executed
branch  1 never executed
branch  2 never executed
branch  3 never executed
branch  4 never executed
        -:  559:# ifdef YYPRINT
        -:  560:/* YYTOKNUM[NUM] -- (External) token number corresponding to the
    #####:  561:   (internal) symbol number NUM (which must be that of a token).  */
    #####:  562:static const yytype_uint16 yytoknum[] =
        -:  563:{
        -:  564:       0,   256,   257,   258,   259,   260,   261,   262,   263,   264,
    #####:  565:     265,   266,   267,   268,   269,   270,   271,   272,   273,   274,
    #####:  566:     275,   276,   277,   278,   279,   280,   281,   282,   283,   284,
        -:  567:     285,   286,   287,   288,   289,   290,   291,   292,    43,    45,
        -:  568:      42,    47,    37,    94,    59,    40,    41,   123,   125,    44,
    #####:  569:      91,    93,    38
branch  0 never executed
branch  1 never executed
    #####:  570:};
        -:  571:# endif
    #####:  572:
        -:  573:#define YYPACT_NINF -144
        -:  574:
        -:  575:#define yypact_value_is_default(Yystate) \
    #####:  576:  (!!((Yystate) == (-144)))
branch  0 never executed
branch  1 never executed
    #####:  577:
        -:  578:#define YYTABLE_NINF -16
    #####:  579:
        -:  580:#define yytable_value_is_error(Yytable_value) \
        -:  581:  0
    #####:  582:
        -:  583:  /* YYPACT[STATE-NUM] -- Index in YYTABLE of the portion describing
        -:  584:     STATE-NUM.  */
        -:  585:static const yytype_int16 yypact[] =
    #####:  586:{
branch  0 never executed
branch  1 never executed
branch  2 never executed
branch  3 never executed
    #####:  587:    -144,   188,  -144,   392,   595,  -144,   -36,  -144,   484,   -31,
    #####:  588:    -144,  -144,   -32,   595,  -144,   -11,  -144,   -10,    -7,  -144,
    #####:  589:    -144,    -6,    -5,  -144,  -144,  -144,  -144,  -144,  -144,  -144,
        -:  590:     595,   595,   222,  -144,     2,  -144,  -144,  -144,   676,    14,
        -:  591:    -144,  -144,   131,   621,   595,   -27,  -144,  -144,  -144,    54,
        -:  592:     595,  -144,   676,    20,   595,    21,   595,   595,    13,    37,
    #####:  593:     569,  -144,   425,   535,     1,  -144,  -144,   318,  -144,  -144,
branch  0 never executed
branch  1 never executed
branch  2 never executed
branch  3 never executed
    #####:  594:     595,   595,   595,   595,   595,   595,   595,  -144,  -144,   -23,
    #####:  595:      41,    36,   676,    39,    43,   436,   595,   445,   595,   485,
    #####:  596:     494,  -144,  -144,  -144,  -144,    40,   676,  -144,   270,   535,
        -:  597:    -144,  -144,   595,   595,   -22,    51,    51,     4,     4,     4,
        -:  598:       4,   595,   105,  -144,   647,  -144,    23,  -144,    53,   676,
        -:  599:    -144,   676,  -144,  -144,   569,  -144,  -144,   131,   123,   -22,
    #####:  600:    -144,   -20,   676,    45,    91,    94,    57,    55,  -144,   102,
branch  0 never executed
branch  1 never executed
branch  2 never executed
branch  3 never executed
    #####:  601:      60,  -144,   352,    56,    58,    65,   102,    24,   595,  -144,
    #####:  602:     535,   102,  -144,  -144,    67,    68,    69,    70,   115,   116,
    #####:  603:      81,   109,   535,  -144,  -144,   132,    86,    88,    89,  -144,
        -:  604:    -144,  -144,  -144,  -144,     7,  -144,    92,    97,   595,   102,
        -:  605:    -144,    23,  -144,  -144,  -144,    99,   535,    12,   222,  -144,
        -:  606:    -144,  -144,  -144,     9,   102,  -144,   535,  -144
    #####:  607:};
branch  0 never executed
branch  1 never executed
branch  2 never executed
branch  3 never executed
    #####:  608:
    #####:  609:  /* YYDEFACT[STATE-NUM] -- Default reduction number in state STATE-NUM.
    #####:  610:     Performed when YYTABLE does not specify something else to do.  Zero
        -:  611:     means the default is an error.  */
        -:  612:static const yytype_uint8 yydefact[] =
        -:  613:{
    #####:  614:       2,     0,     1,     0,     0,    24,   103,    93,     0,    52,
branch  0 never executed
branch  1 never executed
branch  2 never executed
branch  3 never executed
    #####:  615:      25,    27,     0,    75,    30,     0,    37,     0,   107,   105,
    #####:  616:     106,     0,     0,    21,    28,   109,    26,    41,    22,   108,
    #####:  617:       0,     0,     0,     3,     0,    10,    19,     5,    23,    92,
        -:  618:       6,    20,    83,    67,     0,   103,   107,    96,    53,     0,
        -:  619:       0,    29,    76,     0,     0,     0,     0,     0,     0,     0,
        -:  620:       0,    91,     0,     0,     0,    14,     4,     0,    79,    81,
    #####:  621:       0,     0,     0,     0,     0,     0,     0,    77,    97,   103,
branch  0 never executed
branch  1 never executed
branch  2 never executed
branch  3 never executed
    #####:  622:       0,    68,    69,     0,     0,     0,    73,     0,     0,     0,
    #####:  623:       0,   101,   102,    45,    42,    43,    46,    94,     0,    17,
    #####:  624:      40,    11,     0,     0,    84,    85,    86,    87,    88,    89,
        -:  625:      90,     0,     0,    95,     0,   104,    54,    98,     0,    74,
        -:  626:      35,    38,    99,   100,     0,    16,    18,    80,    82,    78,
        -:  627:      70,   103,    71,    59,     0,     0,     0,    55,    31,     7,
    #####:  628:       0,    44,     0,     0,     0,     0,     7,     0,    73,     8,
branch  0 never executed
branch  1 never executed
    #####:  629:       0,     7,    72,    60,     0,     0,     0,    63,     0,     0,
    #####:  630:       0,    47,     0,    61,    62,   110,     0,     0,     0,    32,
    #####:  631:      48,    36,    39,   111,    56,    64,     0,     0,    73,     7,
        -:  632:     112,     0,    50,    65,    66,     0,     0,     0,     0,    33,
        -:  633:      49,    57,    58,     0,     7,    51,     0,    34
        -:  634:};
    #####:  635:
    #####:  636:  /* YYPGOTO[NTERM-NUM].  */
branch  0 never executed
branch  1 never executed
    #####:  637:static const yytype_int16 yypgoto[] =
        -:  638:{
    #####:  639:    -144,  -144,  -144,  -143,  -144,   -39,     0,    -3,  -144,  -144,
    #####:  640:    -144,  -144,  -144,  -144,  -144,  -144,    27,  -144,  -144,  -144,
        -:  641:    -144,  -144,  -144,  -144,  -144,   -29,  -144,  -144,  -141,  -144,
        -:  642:      -2,  -144,  -144,  -144,   145,  -144
        -:  643:};
    #####:  644:
    #####:  645:  /* YYDEFGOTO[NTERM-NUM].  */
    #####:  646:static const yytype_int16 yydefgoto[] =
branch  0 never executed
branch  1 never executed
branch  2 never executed
branch  3 never executed
    #####:  647:{
    #####:  648:      -1,     1,    33,   150,    34,    64,    65,    36,    53,   148,
branch  0 never executed
branch  1 never executed
branch  2 never executed
branch  3 never executed
    #####:  649:     178,   194,   139,    55,   140,    60,    94,    95,   171,   179,
        -:  650:      37,   188,    49,   136,   182,   137,    80,    81,   118,    51,
        -:  651:      38,   111,   102,   103,    39,   174
    #####:  652:};
    #####:  653:
    #####:  654:  /* YYTABLE[YYPACT[STATE-NUM]] -- What to do in state STATE-NUM.  If
        -:  655:     positive, shift that token.  If negative, reduce the rule whose
    #####:  656:     number is the opposite.  If YYTABLE_NINF, syntax error.  */
        -:  657:static const yytype_int16 yytable[] =
        -:  658:{
        -:  659:      41,    35,    42,   156,    98,    66,    48,   160,   162,    43,
    #####:  660:     180,    52,    98,    50,    44,   191,    71,    72,    73,    74,
branch  0 never executed
branch  1 never executed
    #####:  661:      75,    76,    43,    44,    77,    43,    78,   112,    61,    62,
    #####:  662:     142,   133,   157,   181,    54,    56,   186,   185,    57,    58,
        -:  663:      59,    82,    83,    68,    69,    99,    67,    76,    85,   100,
        -:  664:      70,   196,    87,    99,    89,    90,   192,   195,    96,    91,
        -:  665:      41,   147,    84,   134,   158,    86,    88,   101,   104,   105,
    #####:  666:     106,   107,   108,   109,   110,   135,   159,    71,    72,    73,
    #####:  667:      74,    75,    76,    92,   119,   114,   121,   113,   116,   124,
branch  0 never executed
branch  1 never executed
    #####:  668:     115,    73,    74,    75,    76,   143,   126,   138,   125,   144,
        -:  669:     127,   128,   145,   146,   147,   149,   151,   153,   154,   129,
    #####:  670:      83,     4,   132,     6,     7,   155,   165,     8,   163,   164,
    #####:  671:     166,    12,    96,   167,   168,   169,    17,    68,    18,    19,
branch  0 never executed
branch  1 never executed
    #####:  672:      20,   170,    21,    22,    70,   173,    25,   175,   176,   177,
    #####:  673:      83,    29,    70,   183,    30,   189,   119,   161,   184,   193,
    #####:  674:      31,   141,   187,    47,     0,     0,   130,     0,     0,   172,
        -:  675:       0,    71,    72,    73,    74,    75,    76,     0,     0,    71,
    #####:  676:      72,    73,    74,    75,    76,     0,   119,     0,     0,     0,
    #####:  677:       0,     0,     0,   190,     0,     0,     0,     0,     2,     3,
        -:  678:       0,    -9,     0,   197,     4,     5,     6,     7,     0,     0,
        -:  679:       8,     9,    10,    11,    12,    13,    14,    15,    16,    17,
    #####:  680:       0,    18,    19,    20,     0,    21,    22,    23,    24,    25,
        -:  681:      26,    27,    28,    63,    29,   -13,     0,    30,     4,     5,
    #####:  682:       6,     7,    -9,    31,     8,    32,    10,    11,    12,    13,
        -:  683:      14,    15,    16,    17,     0,    18,    19,    20,     0,    21,
        -:  684:      22,    23,    24,    25,    26,    27,    28,     0,    29,     0,
        -:  685:       0,    30,     0,     0,     0,     0,   -13,    31,     0,    32,
    #####:  686:     -13,    63,     0,   -15,     0,     0,     4,     5,     6,     7,
    #####:  687:       0,     0,     8,     0,    10,    11,    12,    13,    14,    15,
branch  0 never executed
branch  1 never executed
        -:  688:      16,    17,     0,    18,    19,    20,     0,    21,    22,    23,
    #####:  689:      24,    25,    26,    27,    28,     0,    29,     0,     0,    30,
branch  0 never executed
branch  1 never executed
    #####:  690:       0,     0,     0,     0,   -15,    31,     0,    32,   -15,    63,
        -:  691:       0,   -12,     0,     0,     4,     5,     6,     7,     0,     0,
    #####:  692:       8,     0,    10,    11,    12,    13,    14,    15,    16,    17,
        -:  693:       0,    18,    19,    20,     0,    21,    22,    23,    24,    25,
        -:  694:      26,    27,    28,     0,    29,     0,     0,    30,     4,     0,
        -:  695:       6,     7,   -12,    31,     8,    32,     0,     0,    12,     0,
    #####:  696:       0,     0,     0,    17,     0,    18,    19,    20,     0,    21,
branch  0 never executed
branch  1 never executed
    #####:  697:      22,     0,     0,    25,     0,     0,     0,     0,    29,     0,
        -:  698:       0,    30,     0,     0,     0,    40,     0,    31,     4,     5,
    #####:  699:       6,     7,     0,   152,     8,     0,    10,    11,    12,    13,
        -:  700:      14,    15,    16,    17,     0,    18,    19,    20,     0,    21,
    #####:  701:      22,    23,    24,    25,    26,    27,    28,     0,    29,    68,
        -:  702:      69,    30,     0,     0,     0,     0,    70,    31,     0,    32,
        -:  703:      68,    69,     0,     0,     0,     0,     0,    70,     0,    68,
        -:  704:      69,     0,     0,     0,     0,     0,    70,     0,     0,     0,
    #####:  705:       0,     0,     0,    71,    72,    73,    74,    75,    76,     0,
    #####:  706:       0,    97,     0,     0,    71,    72,    73,    74,    75,    76,
branch  0 never executed
branch  1 never executed
        -:  707:       0,     0,   117,    71,    72,    73,    74,    75,    76,    68,
    #####:  708:      69,   120,    45,     0,     0,     0,    70,     0,    68,    69,
    #####:  709:       0,     0,     0,     0,     0,    70,     0,    46,    19,    20,
    #####:  710:       0,     0,     0,     0,     0,    25,     0,     0,     0,     0,
branch  0 never executed
branch  1 never executed
    #####:  711:      29,     0,     0,    71,    72,    73,    74,    75,    76,     0,
        -:  712:       0,   122,    71,    72,    73,    74,    75,    76,     0,     0,
    #####:  713:     123,     4,     5,     6,     7,     0,     0,     8,     0,    10,
        -:  714:      11,    12,    13,    14,    15,    16,    17,     0,    18,    19,
        -:  715:      20,     0,    21,    22,    23,    24,    25,    26,    27,    28,
        -:  716:       0,    29,     0,     0,    30,     4,    93,     6,     7,     0,
    #####:  717:      31,     8,    32,     0,     0,    12,     0,     0,     0,     0,
    #####:  718:      17,     0,    18,    19,    20,     0,    21,    22,     0,     0,
    #####:  719:      25,     4,     0,     6,     7,    29,     0,     8,    30,     0,
branch  0 never executed
branch  1 never executed
    #####:  720:       0,    12,     0,     0,    31,     0,    17,     0,    18,    19,
        -:  721:      20,     0,    21,    22,     0,     0,    25,     4,     0,    79,
    #####:  722:       7,    29,     0,     8,    30,     0,     0,    12,     0,     0,
        -:  723:      31,     0,    17,     0,    18,    19,    20,     0,    21,    22,
    #####:  724:       0,     0,    25,     4,     0,   131,     7,    29,     0,     8,
        -:  725:      30,     0,     0,    12,     0,     0,    31,     0,    17,     0,
        -:  726:      18,    19,    20,     0,    21,    22,     0,     0,    25,     0,
        -:  727:      68,    69,     0,    29,     0,     0,    30,    70,     0,     0,
    #####:  728:       0,     0,    31,     0,     0,     0,     0,     0,     0,     0,
branch  0 never executed
branch  1 never executed
    #####:  729:       0,     0,     0,     0,     0,     0,     0,     0,     0,     0,
    #####:  730:       0,     0,     0,     0,    71,    72,    73,    74,    75,    76
    #####:  731:};
        -:  732:
        -:  733:static const yytype_int16 yycheck[] =
        -:  734:{
    #####:  735:       3,     1,     4,   146,     3,     3,    37,   148,   151,    45,
branch  0 never executed
branch  1 never executed
    #####:  736:       3,    13,     3,    45,    50,     3,    38,    39,    40,    41,
    #####:  737:      42,    43,    45,    50,    10,    45,    12,    50,    30,    31,
    #####:  738:      50,     8,     8,    26,    45,    45,   179,   178,    45,    45,
        -:  739:      45,    43,    44,     4,     5,    44,    44,    43,    50,    48,
        -:  740:      11,   194,    54,    44,    56,    57,    44,    48,    60,    46,
        -:  741:      63,    49,     8,    40,    40,    45,    45,    67,    70,    71,
    #####:  742:      72,    73,    74,    75,    76,    52,    52,    38,    39,    40,
branch  0 never executed
branch  1 never executed
    #####:  743:      41,    42,    43,    46,    86,    49,    88,    46,    45,    49,
    #####:  744:      51,    40,    41,    42,    43,    50,    99,    44,    98,     8,
    #####:  745:     102,   103,     8,    46,    49,     3,    46,    51,    50,   111,
        -:  746:     112,     6,   114,     8,     9,    50,    47,    12,    51,    51,
        -:  747:      50,    16,   124,     8,     8,    44,    21,     4,    23,    24,
        -:  748:      25,    22,    27,    28,    11,     3,    31,    51,    50,    50,
    #####:  749:     142,    36,    11,    51,    39,    46,   148,   150,    51,   188,
    #####:  750:      45,   124,   181,     8,    -1,    -1,    51,    -1,    -1,   162,
    #####:  751:      -1,    38,    39,    40,    41,    42,    43,    -1,    -1,    38,
        -:  752:      39,    40,    41,    42,    43,    -1,   178,    -1,    -1,    -1,
        -:  753:      -1,    -1,    -1,   186,    -1,    -1,    -1,    -1,     0,     1,
        -:  754:      -1,     3,    -1,   196,     6,     7,     8,     9,    -1,    -1,
    #####:  755:      12,    13,    14,    15,    16,    17,    18,    19,    20,    21,
    #####:  756:      -1,    23,    24,    25,    -1,    27,    28,    29,    30,    31,
    #####:  757:      32,    33,    34,     1,    36,     3,    -1,    39,     6,     7,
        -:  758:       8,     9,    44,    45,    12,    47,    14,    15,    16,    17,
        -:  759:      18,    19,    20,    21,    -1,    23,    24,    25,    -1,    27,
        -:  760:      28,    29,    30,    31,    32,    33,    34,    -1,    36,    -1,
    #####:  761:      -1,    39,    -1,    -1,    -1,    -1,    44,    45,    -1,    47,
        -:  762:      48,     1,    -1,     3,    -1,    -1,     6,     7,     8,     9,
        -:  763:      -1,    -1,    12,    -1,    14,    15,    16,    17,    18,    19,
    #####:  764:      20,    21,    -1,    23,    24,    25,    -1,    27,    28,    29,
branch  0 never executed
branch  1 never executed
    #####:  765:      30,    31,    32,    33,    34,    -1,    36,    -1,    -1,    39,
    #####:  766:      -1,    -1,    -1,    -1,    44,    45,    -1,    47,    48,     1,
branch  0 never executed
branch  1 never executed
    #####:  767:      -1,     3,    -1,    -1,     6,     7,     8,     9,    -1,    -1,
    #####:  768:      12,    -1,    14,    15,    16,    17,    18,    19,    20,    21,
        -:  769:      -1,    23,    24,    25,    -1,    27,    28,    29,    30,    31,
        -:  770:      32,    33,    34,    -1,    36,    -1,    -1,    39,     6,    -1,
    #####:  771:       8,     9,    44,    45,    12,    47,    -1,    -1,    16,    -1,
        -:  772:      -1,    -1,    -1,    21,    -1,    23,    24,    25,    -1,    27,
    #####:  773:      28,    -1,    -1,    31,    -1,    -1,    -1,    -1,    36,    -1,
        -:  774:      -1,    39,    -1,    -1,    -1,     3,    -1,    45,     6,     7,
    #####:  775:       8,     9,    -1,    51,    12,    -1,    14,    15,    16,    17,
        -:  776:      18,    19,    20,    21,    -1,    23,    24,    25,    -1,    27,
    #####:  777:      28,    29,    30,    31,    32,    33,    34,    -1,    36,     4,
    #####:  778:       5,    39,    -1,    -1,    -1,    -1,    11,    45,    -1,    47,
        -:  779:       4,     5,    -1,    -1,    -1,    -1,    -1,    11,    -1,     4,
        -:  780:       5,    -1,    -1,    -1,    -1,    -1,    11,    -1,    -1,    -1,
    #####:  781:      -1,    -1,    -1,    38,    39,    40,    41,    42,    43,    -1,
    #####:  782:      -1,    46,    -1,    -1,    38,    39,    40,    41,    42,    43,
        -:  783:      -1,    -1,    46,    38,    39,    40,    41,    42,    43,     4,
        -:  784:       5,    46,     8,    -1,    -1,    -1,    11,    -1,     4,     5,
        -:  785:      -1,    -1,    -1,    -1,    -1,    11,    -1,    23,    24,    25,
        -:  786:      -1,    -1,    -1,    -1,    -1,    31,    -1,    -1,    -1,    -1,
    #####:  787:      36,    -1,    -1,    38,    39,    40,    41,    42,    43,    -1,
        -:  788:      -1,    46,    38,    39,    40,    41,    42,    43,    -1,    -1,
        -:  789:      46,     6,     7,     8,     9,    -1,    -1,    12,    -1,    14,
    #####:  790:      15,    16,    17,    18,    19,    20,    21,    -1,    23,    24,
        -:  791:      25,    -1,    27,    28,    29,    30,    31,    32,    33,    34,
        -:  792:      -1,    36,    -1,    -1,    39,     6,     7,     8,     9,    -1,
        -:  793:      45,    12,    47,    -1,    -1,    16,    -1,    -1,    -1,    -1,
        -:  794:      21,    -1,    23,    24,    25,    -1,    27,    28,    -1,    -1,
        -:  795:      31,     6,    -1,     8,     9,    36,    -1,    12,    39,    -1,
        -:  796:      -1,    16,    -1,    -1,    45,    -1,    21,    -1,    23,    24,
        -:  797:      25,    -1,    27,    28,    -1,    -1,    31,     6,    -1,     8,
        -:  798:       9,    36,    -1,    12,    39,    -1,    -1,    16,    -1,    -1,
        -:  799:      45,    -1,    21,    -1,    23,    24,    25,    -1,    27,    28,
        -:  800:      -1,    -1,    31,     6,    -1,     8,     9,    36,    -1,    12,
        -:  801:      39,    -1,    -1,    16,    -1,    -1,    45,    -1,    21,    -1,
        -:  802:      23,    24,    25,    -1,    27,    28,    -1,    -1,    31,    -1,
        -:  803:       4,     5,    -1,    36,    -1,    -1,    39,    11,    -1,    -1,
        -:  804:      -1,    -1,    45,    -1,    -1,    -1,    -1,    -1,    -1,    -1,
        -:  805:      -1,    -1,    -1,    -1,    -1,    -1,    -1,    -1,    -1,    -1,
        -:  806:      -1,    -1,    -1,    -1,    38,    39,    40,    41,    42,    43
        -:  807:};
        -:  808:
        -:  809:  /* YYSTOS[STATE-NUM] -- The (internal number of the) accessing
        -:  810:     symbol of state STATE-NUM.  */
        -:  811:static const yytype_uint8 yystos[] =
        -:  812:{
        -:  813:       0,    54,     0,     1,     6,     7,     8,     9,    12,    13,
        -:  814:      14,    15,    16,    17,    18,    19,    20,    21,    23,    24,
        -:  815:      25,    27,    28,    29,    30,    31,    32,    33,    34,    36,
        -:  816:      39,    45,    47,    55,    57,    59,    60,    73,    83,    87,
        -:  817:       3,    60,    83,    45,    50,     8,    23,    87,    37,    75,
        -:  818:      45,    82,    83,    61,    45,    66,    45,    45,    45,    45,
        -:  819:      68,    83,    83,     1,    58,    59,     3,    44,     4,     5,
        -:  820:      11,    38,    39,    40,    41,    42,    43,    10,    12,     8,
        -:  821:      79,    80,    83,    83,     8,    83,    45,    83,    45,    83,
        -:  822:      83,    46,    46,     7,    69,    70,    83,    46,     3,    44,
        -:  823:      48,    59,    85,    86,    83,    83,    83,    83,    83,    83,
        -:  824:      83,    84,    50,    46,    49,    51,    45,    46,    81,    83,
        -:  825:      46,    83,    46,    46,    49,    59,    60,    83,    83,    83,
        -:  826:      51,     8,    83,     8,    40,    52,    76,    78,    44,    65,
        -:  827:      67,    69,    50,    50,     8,     8,    46,    49,    62,     3,
        -:  828:      56,    46,    51,    51,    50,    50,    56,     8,    40,    52,
        -:  829:      81,    60,    56,    51,    51,    47,    50,     8,     8,    44,
        -:  830:      22,    71,    60,     3,    88,    51,    50,    50,    63,    72,
        -:  831:       3,    26,    77,    51,    51,    81,    56,    78,    74,    46,
        -:  832:      60,     3,    44,    58,    64,    48,    56,    60
        -:  833:};
        -:  834:
        -:  835:  /* YYR1[YYN] -- Symbol number of symbol that rule YYN derives.  */
        -:  836:static const yytype_uint8 yyr1[] =
        -:  837:{
        -:  838:       0,    53,    54,    54,    55,    55,    55,    56,    56,    57,
        -:  839:      57,    57,    57,    58,    58,    58,    58,    58,    58,    59,
        -:  840:      59,    60,    60,    60,    60,    60,    60,    60,    60,    60,
        -:  841:      61,    62,    63,    64,    60,    65,    60,    66,    67,    60,
        -:  842:      60,    68,    60,    69,    69,    70,    70,    71,    72,    71,
        -:  843:      74,    73,    75,    75,    76,    76,    77,    77,    77,    78,
        -:  844:      78,    78,    78,    78,    78,    78,    78,    79,    79,    80,
        -:  845:      80,    80,    80,    81,    81,    82,    82,    84,    83,    85,
        -:  846:      83,    86,    83,    83,    83,    83,    83,    83,    83,    83,
        -:  847:      83,    83,    83,    83,    83,    83,    83,    83,    83,    83,
        -:  848:      83,    83,    83,    87,    87,    87,    87,    87,    87,    87,
        -:  849:      88,    88,    88
        -:  850:};
        -:  851:
        -:  852:  /* YYR2[YYN] -- Number of symbols on the right hand side of rule YYN.  */
        -:  853:static const yytype_uint8 yyr2[] =
        -:  854:{
        -:  855:       0,     2,     0,     2,     2,     1,     2,     0,     1,     0,
        -:  856:       1,     3,     2,     0,     1,     2,     3,     2,     3,     1,
        -:  857:       2,     1,     1,     1,     1,     1,     1,     1,     1,     2,
        -:  858:       0,     0,     0,     0,    14,     0,     8,     0,     0,     8,
        -:  859:       3,     0,     3,     1,     3,     1,     1,     0,     0,     4,
        -:  860:       0,    13,     0,     1,     0,     1,     0,     3,     3,     1,
        -:  861:       3,     4,     4,     3,     5,     6,     6,     0,     1,     1,
        -:  862:       3,     3,     5,     0,     1,     0,     1,     0,     4,     0,
        -:  863:       4,     0,     4,     2,     3,     3,     3,     3,     3,     3,
        -:  864:       3,     2,     1,     1,     3,     4,     2,     2,     4,     4,
        -:  865:       4,     3,     3,     1,     4,     1,     1,     1,     1,     1,
        -:  866:       0,     1,     2
        -:  867:};
        -:  868:
        -:  869:
        -:  870:#define yyerrok         (yyerrstatus = 0)
        -:  871:#define yyclearin       (yychar = YYEMPTY)
        -:  872:#define YYEMPTY         (-2)
        -:  873:#define YYEOF           0
        -:  874:
        -:  875:#define YYACCEPT        goto yyacceptlab
        -:  876:#define YYABORT         goto yyabortlab
        -:  877:#define YYERROR         goto yyerrorlab
        -:  878:
        -:  879:
        -:  880:#define YYRECOVERING()  (!!yyerrstatus)
        -:  881:
        -:  882:#define YYBACKUP(Token, Value)                                  \
        -:  883:do                                                              \
        -:  884:  if (yychar == YYEMPTY)                                        \
        -:  885:    {                                                           \
        -:  886:      yychar = (Token);                                         \
        -:  887:      yylval = (Value);                                         \
        -:  888:      YYPOPSTACK (yylen);                                       \
        -:  889:      yystate = *yyssp;                                         \
        -:  890:      goto yybackup;                                            \
        -:  891:    }                                                           \
        -:  892:  else                                                          \
        -:  893:    {                                                           \
        -:  894:      yyerror (YY_("syntax error: cannot back up")); \
        -:  895:      YYERROR;                                                  \
        -:  896:    }                                                           \
        -:  897:while (0)
        -:  898:
        -:  899:/* Error token number */
        -:  900:#define YYTERROR        1
        -:  901:#define YYERRCODE       256
        -:  902:
        -:  903:
        -:  904:
        -:  905:/* Enable debugging if requested.  */
        -:  906:#if YYDEBUG
        -:  907:
        -:  908:# ifndef YYFPRINTF
        -:  909:#  include <stdio.h> /* INFRINGES ON USER NAME SPACE */
        -:  910:#  define YYFPRINTF fprintf
        -:  911:# endif
        -:  912:
        -:  913:# define YYDPRINTF(Args)                        \
        -:  914:do {                                            \
        -:  915:  if (yydebug)                                  \
        -:  916:    YYFPRINTF Args;                             \
        -:  917:} while (0)
        -:  918:
        -:  919:/* This macro is provided for backward compatibility. */
        -:  920:#ifndef YY_LOCATION_PRINT
        -:  921:# define YY_LOCATION_PRINT(File, Loc) ((void) 0)
        -:  922:#endif
        -:  923:
        -:  924:
        -:  925:# define YY_SYMBOL_PRINT(Title, Type, Value, Location)                    \
        -:  926:do {                                                                      \
        -:  927:  if (yydebug)                                                            \
        -:  928:    {                                                                     \
        -:  929:      YYFPRINTF (stderr, "%s ", Title);                                   \
        -:  930:      yy_symbol_print (stderr,                                            \
        -:  931:                  Type, Value); \
        -:  932:      YYFPRINTF (stderr, "\n");                                           \
        -:  933:    }                                                                     \
        -:  934:} while (0)
        -:  935:
        -:  936:
        -:  937:/*----------------------------------------.
        -:  938:| Print this symbol's value on YYOUTPUT.  |
        -:  939:`----------------------------------------*/
        -:  940:
        -:  941:static void
        -:  942:yy_symbol_value_print (FILE *yyoutput, int yytype, YYSTYPE const * const yyvaluep)
        -:  943:{
        -:  944:  FILE *yyo = yyoutput;
        -:  945:  YYUSE (yyo);
        -:  946:  if (!yyvaluep)
        -:  947:    return;
        -:  948:# ifdef YYPRINT
        -:  949:  if (yytype < YYNTOKENS)
        -:  950:    YYPRINT (yyoutput, yytoknum[yytype], *yyvaluep);
        -:  951:# endif
        -:  952:  YYUSE (yytype);
        -:  953:}
        -:  954:
        -:  955:
        -:  956:/*--------------------------------.
        -:  957:| Print this symbol on YYOUTPUT.  |
        -:  958:`--------------------------------*/
        -:  959:
        -:  960:static void
        -:  961:yy_symbol_print (FILE *yyoutput, int yytype, YYSTYPE const * const yyvaluep)
        -:  962:{
        -:  963:  YYFPRINTF (yyoutput, "%s %s (",
        -:  964:             yytype < YYNTOKENS ? "token" : "nterm", yytname[yytype]);
        -:  965:
        -:  966:  yy_symbol_value_print (yyoutput, yytype, yyvaluep);
        -:  967:  YYFPRINTF (yyoutput, ")");
        -:  968:}
        -:  969:
        -:  970:/*------------------------------------------------------------------.
        -:  971:| yy_stack_print -- Print the state stack from its BOTTOM up to its |
        -:  972:| TOP (included).                                                   |
        -:  973:`------------------------------------------------------------------*/
        -:  974:
        -:  975:static void
        -:  976:yy_stack_print (yytype_int16 *yybottom, yytype_int16 *yytop)
        -:  977:{
        -:  978:  YYFPRINTF (stderr, "Stack now");
        -:  979:  for (; yybottom <= yytop; yybottom++)
        -:  980:    {
        -:  981:      int yybot = *yybottom;
        -:  982:      YYFPRINTF (stderr, " %d", yybot);
        -:  983:    }
        -:  984:  YYFPRINTF (stderr, "\n");
        -:  985:}
        -:  986:
        -:  987:# define YY_STACK_PRINT(Bottom, Top)                            \
        -:  988:do {                                                            \
        -:  989:  if (yydebug)                                                  \
        -:  990:    yy_stack_print ((Bottom), (Top));                           \
        -:  991:} while (0)
        -:  992:
        -:  993:
        -:  994:/*------------------------------------------------.
        -:  995:| Report that the YYRULE is going to be reduced.  |
        -:  996:`------------------------------------------------*/
        -:  997:
        -:  998:static void
        -:  999:yy_reduce_print (yytype_int16 *yyssp, YYSTYPE *yyvsp, int yyrule)
        -: 1000:{
        -: 1001:  unsigned long int yylno = yyrline[yyrule];
        -: 1002:  int yynrhs = yyr2[yyrule];
        -: 1003:  int yyi;
        -: 1004:  YYFPRINTF (stderr, "Reducing stack by rule %d (line %lu):\n",
        -: 1005:             yyrule - 1, yylno);
        -: 1006:  /* The symbols being reduced.  */
        -: 1007:  for (yyi = 0; yyi < yynrhs; yyi++)
        -: 1008:    {
        -: 1009:      YYFPRINTF (stderr, "   $%d = ", yyi + 1);
        -: 1010:      yy_symbol_print (stderr,
        -: 1011:                       yystos[yyssp[yyi + 1 - yynrhs]],
        -: 1012:                       &(yyvsp[(yyi + 1) - (yynrhs)])
        -: 1013:                                              );
        -: 1014:      YYFPRINTF (stderr, "\n");
        -: 1015:    }
        -: 1016:}
        -: 1017:
        -: 1018:# define YY_REDUCE_PRINT(Rule)          \
        -: 1019:do {                                    \
        -: 1020:  if (yydebug)                          \
        -: 1021:    yy_reduce_print (yyssp, yyvsp, Rule); \
        -: 1022:} while (0)
        -: 1023:
        -: 1024:/* Nonzero means print parse trace.  It is left uninitialized so that
        -: 1025:   multiple parsers can coexist.  */
        -: 1026:int yydebug;
        -: 1027:#else /* !YYDEBUG */
        -: 1028:# define YYDPRINTF(Args)
        -: 1029:# define YY_SYMBOL_PRINT(Title, Type, Value, Location)
        -: 1030:# define YY_STACK_PRINT(Bottom, Top)
        -: 1031:# define YY_REDUCE_PRINT(Rule)
        -: 1032:#endif /* !YYDEBUG */
        -: 1033:
        -: 1034:
        -: 1035:/* YYINITDEPTH -- initial size of the parser's stacks.  */
        -: 1036:#ifndef YYINITDEPTH
        -: 1037:# define YYINITDEPTH 200
        -: 1038:#endif
        -: 1039:
        -: 1040:/* YYMAXDEPTH -- maximum size the stacks can grow to (effective only
        -: 1041:   if the built-in stack extension method is used).
        -: 1042:
        -: 1043:   Do not make this value too large; the results are undefined if
        -: 1044:   YYSTACK_ALLOC_MAXIMUM < YYSTACK_BYTES (YYMAXDEPTH)
        -: 1045:   evaluated with infinite-precision integer arithmetic.  */
        -: 1046:
        -: 1047:#ifndef YYMAXDEPTH
        -: 1048:# define YYMAXDEPTH 10000
        -: 1049:#endif
        -: 1050:
        -: 1051:
        -: 1052:#if YYERROR_VERBOSE
        -: 1053:
        -: 1054:# ifndef yystrlen
        -: 1055:#  if defined __GLIBC__ && defined _STRING_H
        -: 1056:#   define yystrlen strlen
        -: 1057:#  else
        -: 1058:/* Return the length of YYSTR.  */
        -: 1059:static YYSIZE_T
        -: 1060:yystrlen (const char *yystr)
        -: 1061:{
        -: 1062:  YYSIZE_T yylen;
        -: 1063:  for (yylen = 0; yystr[yylen]; yylen++)
        -: 1064:    continue;
        -: 1065:  return yylen;
        -: 1066:}
        -: 1067:#  endif
        -: 1068:# endif
        -: 1069:
        -: 1070:# ifndef yystpcpy
        -: 1071:#  if defined __GLIBC__ && defined _STRING_H && defined _GNU_SOURCE
        -: 1072:#   define yystpcpy stpcpy
        -: 1073:#  else
        -: 1074:/* Copy YYSRC to YYDEST, returning the address of the terminating '\0' in
        -: 1075:   YYDEST.  */
        -: 1076:static char *
        -: 1077:yystpcpy (char *yydest, const char *yysrc)
        -: 1078:{
        -: 1079:  char *yyd = yydest;
        -: 1080:  const char *yys = yysrc;
        -: 1081:
        -: 1082:  while ((*yyd++ = *yys++) != '\0')
        -: 1083:    continue;
        -: 1084:
        -: 1085:  return yyd - 1;
        -: 1086:}
        -: 1087:#  endif
        -: 1088:# endif
        -: 1089:
        -: 1090:# ifndef yytnamerr
        -: 1091:/* Copy to YYRES the contents of YYSTR after stripping away unnecessary
        -: 1092:   quotes and backslashes, so that it's suitable for yyerror.  The
        -: 1093:   heuristic is that double-quoting is unnecessary unless the string
        -: 1094:   contains an apostrophe, a comma, or backslash (other than
        -: 1095:   backslash-backslash).  YYSTR is taken from yytname.  If YYRES is
        -: 1096:   null, do not copy; instead, return the length of what the result
        -: 1097:   would have been.  */
        -: 1098:static YYSIZE_T
        -: 1099:yytnamerr (char *yyres, const char *yystr)
        -: 1100:{
        -: 1101:  if (*yystr == '"')
        -: 1102:    {
        -: 1103:      YYSIZE_T yyn = 0;
        -: 1104:      char const *yyp = yystr;
        -: 1105:
        -: 1106:      for (;;)
        -: 1107:        switch (*++yyp)
        -: 1108:          {
        -: 1109:          case '\'':
        -: 1110:          case ',':
        -: 1111:            goto do_not_strip_quotes;
        -: 1112:
        -: 1113:          case '\\':
        -: 1114:            if (*++yyp != '\\')
        -: 1115:              goto do_not_strip_quotes;
        -: 1116:            /* Fall through.  */
        -: 1117:          default:
        -: 1118:            if (yyres)
        -: 1119:              yyres[yyn] = *yyp;
        -: 1120:            yyn++;
        -: 1121:            break;
        -: 1122:
        -: 1123:          case '"':
        -: 1124:            if (yyres)
        -: 1125:              yyres[yyn] = '\0';
        -: 1126:            return yyn;
        -: 1127:          }
        -: 1128:    do_not_strip_quotes: ;
        -: 1129:    }
        -: 1130:
        -: 1131:  if (! yyres)
        -: 1132:    return yystrlen (yystr);
        -: 1133:
        -: 1134:  return yystpcpy (yyres, yystr) - yyres;
        -: 1135:}
        -: 1136:# endif
        -: 1137:
        -: 1138:/* Copy into *YYMSG, which is of size *YYMSG_ALLOC, an error message
        -: 1139:   about the unexpected token YYTOKEN for the state stack whose top is
        -: 1140:   YYSSP.
        -: 1141:
        -: 1142:   Return 0 if *YYMSG was successfully written.  Return 1 if *YYMSG is
        -: 1143:   not large enough to hold the message.  In that case, also set
        -: 1144:   *YYMSG_ALLOC to the required number of bytes.  Return 2 if the
        -: 1145:   required number of bytes is too large to store.  */
        -: 1146:static int
        -: 1147:yysyntax_error (YYSIZE_T *yymsg_alloc, char **yymsg,
        -: 1148:                yytype_int16 *yyssp, int yytoken)
        -: 1149:{
        -: 1150:  YYSIZE_T yysize0 = yytnamerr (YY_NULLPTR, yytname[yytoken]);
        -: 1151:  YYSIZE_T yysize = yysize0;
        -: 1152:  enum { YYERROR_VERBOSE_ARGS_MAXIMUM = 5 };
        -: 1153:  /* Internationalized format string. */
        -: 1154:  const char *yyformat = YY_NULLPTR;
        -: 1155:  /* Arguments of yyformat. */
        -: 1156:  char const *yyarg[YYERROR_VERBOSE_ARGS_MAXIMUM];
        -: 1157:  /* Number of reported tokens (one for the "unexpected", one per
        -: 1158:     "expected"). */
        -: 1159:  int yycount = 0;
        -: 1160:
        -: 1161:  /* There are many possibilities here to consider:
        -: 1162:     - If this state is a consistent state with a default action, then
        -: 1163:       the only way this function was invoked is if the default action
        -: 1164:       is an error action.  In that case, don't check for expected
        -: 1165:       tokens because there are none.
        -: 1166:     - The only way there can be no lookahead present (in yychar) is if
        -: 1167:       this state is a consistent state with a default action.  Thus,
        -: 1168:       detecting the absence of a lookahead is sufficient to determine
        -: 1169:       that there is no unexpected or expected token to report.  In that
        -: 1170:       case, just report a simple "syntax error".
        -: 1171:     - Don't assume there isn't a lookahead just because this state is a
        -: 1172:       consistent state with a default action.  There might have been a
        -: 1173:       previous inconsistent state, consistent state with a non-default
        -: 1174:       action, or user semantic action that manipulated yychar.
        -: 1175:     - Of course, the expected token list depends on states to have
        -: 1176:       correct lookahead information, and it depends on the parser not
        -: 1177:       to perform extra reductions after fetching a lookahead from the
        -: 1178:       scanner and before detecting a syntax error.  Thus, state merging
        -: 1179:       (from LALR or IELR) and default reductions corrupt the expected
        -: 1180:       token list.  However, the list is correct for canonical LR with
        -: 1181:       one exception: it will still contain any token that will not be
        -: 1182:       accepted due to an error action in a later state.
        -: 1183:  */
        -: 1184:  if (yytoken != YYEMPTY)
        -: 1185:    {
        -: 1186:      int yyn = yypact[*yyssp];
        -: 1187:      yyarg[yycount++] = yytname[yytoken];
        -: 1188:      if (!yypact_value_is_default (yyn))
        -: 1189:        {
        -: 1190:          /* Start YYX at -YYN if negative to avoid negative indexes in
        -: 1191:             YYCHECK.  In other words, skip the first -YYN actions for
        -: 1192:             this state because they are default actions.  */
        -: 1193:          int yyxbegin = yyn < 0 ? -yyn : 0;
        -: 1194:          /* Stay within bounds of both yycheck and yytname.  */
        -: 1195:          int yychecklim = YYLAST - yyn + 1;
        -: 1196:          int yyxend = yychecklim < YYNTOKENS ? yychecklim : YYNTOKENS;
        -: 1197:          int yyx;
        -: 1198:
        -: 1199:          for (yyx = yyxbegin; yyx < yyxend; ++yyx)
        -: 1200:            if (yycheck[yyx + yyn] == yyx && yyx != YYTERROR
        -: 1201:                && !yytable_value_is_error (yytable[yyx + yyn]))
        -: 1202:              {
        -: 1203:                if (yycount == YYERROR_VERBOSE_ARGS_MAXIMUM)
        -: 1204:                  {
        -: 1205:                    yycount = 1;
        -: 1206:                    yysize = yysize0;
        -: 1207:                    break;
        -: 1208:                  }
        -: 1209:                yyarg[yycount++] = yytname[yyx];
        -: 1210:                {
        -: 1211:                  YYSIZE_T yysize1 = yysize + yytnamerr (YY_NULLPTR, yytname[yyx]);
        -: 1212:                  if (! (yysize <= yysize1
        -: 1213:                         && yysize1 <= YYSTACK_ALLOC_MAXIMUM))
        -: 1214:                    return 2;
        -: 1215:                  yysize = yysize1;
        -: 1216:                }
        -: 1217:              }
        -: 1218:        }
        -: 1219:    }
        -: 1220:
        -: 1221:  switch (yycount)
        -: 1222:    {
        -: 1223:# define YYCASE_(N, S)                      \
        -: 1224:      case N:                               \
        -: 1225:        yyformat = S;                       \
        -: 1226:      break
        -: 1227:      YYCASE_(0, YY_("syntax error"));
        -: 1228:      YYCASE_(1, YY_("syntax error, unexpected %s"));
        -: 1229:      YYCASE_(2, YY_("syntax error, unexpected %s, expecting %s"));
        -: 1230:      YYCASE_(3, YY_("syntax error, unexpected %s, expecting %s or %s"));
        -: 1231:      YYCASE_(4, YY_("syntax error, unexpected %s, expecting %s or %s or %s"));
        -: 1232:      YYCASE_(5, YY_("syntax error, unexpected %s, expecting %s or %s or %s or %s"));
        -: 1233:# undef YYCASE_
        -: 1234:    }
        -: 1235:
        -: 1236:  {
        -: 1237:    YYSIZE_T yysize1 = yysize + yystrlen (yyformat);
        -: 1238:    if (! (yysize <= yysize1 && yysize1 <= YYSTACK_ALLOC_MAXIMUM))
        -: 1239:      return 2;
        -: 1240:    yysize = yysize1;
        -: 1241:  }
        -: 1242:
        -: 1243:  if (*yymsg_alloc < yysize)
        -: 1244:    {
        -: 1245:      *yymsg_alloc = 2 * yysize;
        -: 1246:      if (! (yysize <= *yymsg_alloc
        -: 1247:             && *yymsg_alloc <= YYSTACK_ALLOC_MAXIMUM))
        -: 1248:        *yymsg_alloc = YYSTACK_ALLOC_MAXIMUM;
        -: 1249:      return 1;
        -: 1250:    }
        -: 1251:
        -: 1252:  /* Avoid sprintf, as that infringes on the user's name space.
        -: 1253:     Don't have undefined behavior even if the translation
        -: 1254:     produced a string with the wrong number of "%s"s.  */
        -: 1255:  {
        -: 1256:    char *yyp = *yymsg;
        -: 1257:    int yyi = 0;
        -: 1258:    while ((*yyp = *yyformat) != '\0')
        -: 1259:      if (*yyp == '%' && yyformat[1] == 's' && yyi < yycount)
        -: 1260:        {
        -: 1261:          yyp += yytnamerr (yyp, yyarg[yyi++]);
        -: 1262:          yyformat += 2;
        -: 1263:        }
        -: 1264:      else
        -: 1265:        {
        -: 1266:          yyp++;
        -: 1267:          yyformat++;
        -: 1268:        }
        -: 1269:  }
        -: 1270:  return 0;
        -: 1271:}
        -: 1272:#endif /* YYERROR_VERBOSE */
        -: 1273:
        -: 1274:/*-----------------------------------------------.
        -: 1275:| Release the memory associated to this symbol.  |
        -: 1276:`-----------------------------------------------*/
        -: 1277:
        -: 1278:static void
function yydestruct called 0 returned 0% blocks executed 0%
    #####: 1279:yydestruct (const char *yymsg, int yytype, YYSTYPE *yyvaluep)
        -: 1280:{
        -: 1281:  YYUSE (yyvaluep);
    #####: 1282:  if (!yymsg)
branch  0 never executed
branch  1 never executed
    #####: 1283:    yymsg = "Deleting";
        -: 1284:  YY_SYMBOL_PRINT (yymsg, yytype, yyvaluep, yylocationp);
        -: 1285:
        -: 1286:  YY_IGNORE_MAYBE_UNINITIALIZED_BEGIN
        -: 1287:  YYUSE (yytype);
        -: 1288:  YY_IGNORE_MAYBE_UNINITIALIZED_END
    #####: 1289:}
        -: 1290:
        -: 1291:
        -: 1292:
        -: 1293:
        -: 1294:/* The lookahead symbol.  */
        -: 1295:int yychar;
        -: 1296:
        -: 1297:/* The semantic value of the lookahead symbol.  */
        -: 1298:YYSTYPE yylval;
        -: 1299:/* Number of syntax errors so far.  */
        -: 1300:int yynerrs;
        -: 1301:
        -: 1302:
        -: 1303:/*----------.
        -: 1304:| yyparse.  |
        -: 1305:`----------*/
        -: 1306:
        -: 1307:int
function yyparse called 0 returned 0% blocks executed 0%
    #####: 1308:yyparse (void)
        -: 1309:{
        -: 1310:    int yystate;
        -: 1311:    /* Number of tokens to shift before error messages enabled.  */
        -: 1312:    int yyerrstatus;
        -: 1313:
        -: 1314:    /* The stacks and their tools:
        -: 1315:       'yyss': related to states.
        -: 1316:       'yyvs': related to semantic values.
        -: 1317:
        -: 1318:       Refer to the stacks through separate pointers, to allow yyoverflow
        -: 1319:       to reallocate them elsewhere.  */
        -: 1320:
        -: 1321:    /* The state stack.  */
    #####: 1322:    yytype_int16 yyssa[YYINITDEPTH];
        -: 1323:    yytype_int16 *yyss;
        -: 1324:    yytype_int16 *yyssp;
        -: 1325:
        -: 1326:    /* The semantic value stack.  */
    #####: 1327:    YYSTYPE yyvsa[YYINITDEPTH];
        -: 1328:    YYSTYPE *yyvs;
        -: 1329:    YYSTYPE *yyvsp;
        -: 1330:
        -: 1331:    YYSIZE_T yystacksize;
        -: 1332:
        -: 1333:  int yyn;
        -: 1334:  int yyresult;
        -: 1335:  /* Lookahead token as an internal (translated) token number.  */
        -: 1336:  int yytoken = 0;
        -: 1337:  /* The variables used to return semantic value and location from the
        -: 1338:     action routines.  */
        -: 1339:  YYSTYPE yyval;
        -: 1340:
        -: 1341:#if YYERROR_VERBOSE
        -: 1342:  /* Buffer for error messages, and its allocated size.  */
        -: 1343:  char yymsgbuf[128];
        -: 1344:  char *yymsg = yymsgbuf;
        -: 1345:  YYSIZE_T yymsg_alloc = sizeof yymsgbuf;
        -: 1346:#endif
        -: 1347:
        -: 1348:#define YYPOPSTACK(N)   (yyvsp -= (N), yyssp -= (N))
        -: 1349:
        -: 1350:  /* The number of symbols on the RHS of the reduced rule.
        -: 1351:     Keep to zero when no symbol should be popped.  */
    #####: 1352:  int yylen = 0;
        -: 1353:
    #####: 1354:  yyssp = yyss = yyssa;
    #####: 1355:  yyvsp = yyvs = yyvsa;
    #####: 1356:  yystacksize = YYINITDEPTH;
        -: 1357:
        -: 1358:  YYDPRINTF ((stderr, "Starting parse\n"));
        -: 1359:
        -: 1360:  yystate = 0;
        -: 1361:  yyerrstatus = 0;
    #####: 1362:  yynerrs = 0;
    #####: 1363:  yychar = YYEMPTY; /* Cause a token to be read.  */
    #####: 1364:  goto yysetstate;
        -: 1365:
        -: 1366:/*------------------------------------------------------------.
        -: 1367:| yynewstate -- Push a new state, which is found in yystate.  |
        -: 1368:`------------------------------------------------------------*/
        -: 1369: yynewstate:
        -: 1370:  /* In all cases, when you get here, the value and location stacks
        -: 1371:     have just been pushed.  So pushing a state here evens the stacks.  */
    #####: 1372:  yyssp++;
        -: 1373:
        -: 1374: yysetstate:
    #####: 1375:  *yyssp = yystate;
        -: 1376:
    #####: 1377:  if (yyss + yystacksize - 1 <= yyssp)
branch  0 never executed
branch  1 never executed
        -: 1378:    {
        -: 1379:      /* Get the current used size of the three stacks, in elements.  */
    #####: 1380:      YYSIZE_T yysize = yyssp - yyss + 1;
        -: 1381:
        -: 1382:#ifdef yyoverflow
        -: 1383:      {
        -: 1384:        /* Give user a chance to reallocate the stack.  Use copies of
        -: 1385:           these so that the &'s don't force the real ones into
        -: 1386:           memory.  */
        -: 1387:        YYSTYPE *yyvs1 = yyvs;
        -: 1388:        yytype_int16 *yyss1 = yyss;
        -: 1389:
        -: 1390:        /* Each stack pointer address is followed by the size of the
        -: 1391:           data in use in that stack, in bytes.  This used to be a
        -: 1392:           conditional around just the two extra args, but that might
        -: 1393:           be undefined if yyoverflow is a macro.  */
        -: 1394:        yyoverflow (YY_("memory exhausted"),
        -: 1395:                    &yyss1, yysize * sizeof (*yyssp),
        -: 1396:                    &yyvs1, yysize * sizeof (*yyvsp),
        -: 1397:                    &yystacksize);
        -: 1398:
        -: 1399:        yyss = yyss1;
        -: 1400:        yyvs = yyvs1;
        -: 1401:      }
        -: 1402:#else /* no yyoverflow */
        -: 1403:# ifndef YYSTACK_RELOCATE
        -: 1404:      goto yyexhaustedlab;
        -: 1405:# else
        -: 1406:      /* Extend the stack our own way.  */
    #####: 1407:      if (YYMAXDEPTH <= yystacksize)
branch  0 never executed
[...]
        -: 2309:				generate ("1");
        -: 2310:			      else
        -: 2311:				{
        -: 2312:				  generate ("K");
        -: 2313:				  generate ((yyvsp[0].s_value));
        -: 2314:				  generate (":");
        -: 2315:				}
        -: 2316:			      free ((yyvsp[0].s_value));
        -: 2317:			    }
        -: 2318:#line 2319 "bc.c" /* yacc.c:1646  */
    #####: 2319:    break;
        -: 2320:
        -: 2321:  case 94:
        -: 2322:#line 659 "../../bc/bc.y" /* yacc.c:1646  */
        -: 2323:    { 
        -: 2324:			      if ((yyvsp[-1].i_value) & EX_VOID)
        -: 2325:				yyerror ("void expression in parenthesis");
        -: 2326:			      (yyval.i_value) = (yyvsp[-1].i_value) | EX_REG | EX_PAREN;
        -: 2327:			    }
        -: 2328:#line 2329 "bc.c" /* yacc.c:1646  */
    #####: 2329:    break;
        -: 2330:
        -: 2331:  case 95:
        -: 2332:#line 665 "../../bc/bc.y" /* yacc.c:1646  */
        -: 2333:    { int fn;
        -: 2334:			      fn = lookup ((yyvsp[-3].s_value),FUNCT);
        -: 2335:			      if (functions[fn].f_void)
        -: 2336:				(yyval.i_value) = EX_VOID;
        -: 2337:			      else
        -: 2338:				(yyval.i_value) = EX_REG;
        -: 2339:			      if ((yyvsp[-1].a_value) != NULL)
        -: 2340:				{ char *params = call_str ((yyvsp[-1].a_value));
        -: 2341:				  set_genstr_size (20 + strlen (params));
        -: 2342:				  snprintf (genstr, genlen, "C%d,%s:", fn,
        -: 2343:				  	    params);
        -: 2344:				  free_args ((yyvsp[-1].a_value));
        -: 2345:				}
        -: 2346:			      else
        -: 2347:				{
        -: 2348:				  snprintf (genstr, genlen, "C%d:", fn);
        -: 2349:				}
        -: 2350:			      generate (genstr);
        -: 2351:			    }
        -: 2352:#line 2353 "bc.c" /* yacc.c:1646  */
    #####: 2353:    break;
        -: 2354:
        -: 2355:  case 96:
        -: 2356:#line 685 "../../bc/bc.y" /* yacc.c:1646  */
        -: 2357:    {
        -: 2358:			      (yyval.i_value) = EX_REG;
        -: 2359:			      if ((yyvsp[0].i_value) < 0)
        -: 2360:				{
        -: 2361:				  if ((yyvsp[-1].c_value) == '+')
        -: 2362:				    snprintf (genstr, genlen, "DA%d:L%d:", -(yyvsp[0].i_value), -(yyvsp[0].i_value));
        -: 2363:				  else
        -: 2364:				    snprintf (genstr, genlen, "DM%d:L%d:", -(yyvsp[0].i_value), -(yyvsp[0].i_value));
        -: 2365:				}
        -: 2366:			      else
        -: 2367:				{
        -: 2368:				  if ((yyvsp[-1].c_value) == '+')
        -: 2369:				    snprintf (genstr, genlen, "i%d:l%d:", (yyvsp[0].i_value), (yyvsp[0].i_value));
        -: 2370:				  else
        -: 2371:				    snprintf (genstr, genlen, "d%d:l%d:", (yyvsp[0].i_value), (yyvsp[0].i_value));
        -: 2372:				}
        -: 2373:			      generate (genstr);
        -: 2374:			    }
        -: 2375:#line 2376 "bc.c" /* yacc.c:1646  */
    #####: 2376:    break;
        -: 2377:
        -: 2378:  case 97:
        -: 2379:#line 704 "../../bc/bc.y" /* yacc.c:1646  */
        -: 2380:    {
        -: 2381:			      (yyval.i_value) = EX_REG;
        -: 2382:			      if ((yyvsp[-1].i_value) < 0)
        -: 2383:				{
        -: 2384:				  snprintf (genstr, genlen, "DL%d:x", -(yyvsp[-1].i_value));
        -: 2385:				  generate (genstr); 
        -: 2386:				  if ((yyvsp[0].c_value) == '+')
        -: 2387:				    snprintf (genstr, genlen, "A%d:", -(yyvsp[-1].i_value));
        -: 2388:				  else
        -: 2389:				      snprintf (genstr, genlen, "M%d:", -(yyvsp[-1].i_value));
        -: 2390:				}
        -: 2391:			      else
        -: 2392:				{
        -: 2393:				  snprintf (genstr, genlen, "l%d:", (yyvsp[-1].i_value));
        -: 2394:				  generate (genstr);
        -: 2395:				  if ((yyvsp[0].c_value) == '+')
        -: 2396:				    snprintf (genstr, genlen, "i%d:", (yyvsp[-1].i_value));
        -: 2397:				  else
        -: 2398:				    snprintf (genstr, genlen, "d%d:", (yyvsp[-1].i_value));
        -: 2399:				}
        -: 2400:			      generate (genstr);
        -: 2401:			    }
        -: 2402:#line 2403 "bc.c" /* yacc.c:1646  */
    #####: 2403:    break;
        -: 2404:
        -: 2405:  case 98:
        -: 2406:#line 727 "../../bc/bc.y" /* yacc.c:1646  */
        -: 2407:    {
        -: 2408:			      if ((yyvsp[-1].i_value) & EX_VOID)
        -: 2409:				yyerror ("void expression in length()");
        -: 2410:			      generate ("cL");
        -: 2411:			      (yyval.i_value) = EX_REG;
        -: 2412:			    }
        -: 2413:#line 2414 "bc.c" /* yacc.c:1646  */
    #####: 2414:    break;
        -: 2415:
        -: 2416:  case 99:
        -: 2417:#line 734 "../../bc/bc.y" /* yacc.c:1646  */
        -: 2418:    {
        -: 2419:			      if ((yyvsp[-1].i_value) & EX_VOID)
        -: 2420:				yyerror ("void expression in sqrt()");
        -: 2421:			      generate ("cR");
        -: 2422:			      (yyval.i_value) = EX_REG;
        -: 2423:			    }
        -: 2424:#line 2425 "bc.c" /* yacc.c:1646  */
    #####: 2425:    break;
        -: 2426:
        -: 2427:  case 100:
        -: 2428:#line 741 "../../bc/bc.y" /* yacc.c:1646  */
        -: 2429:    {
        -: 2430:			      if ((yyvsp[-1].i_value) & EX_VOID)
        -: 2431:				yyerror ("void expression in scale()");
        -: 2432:			      generate ("cS");
        -: 2433:			      (yyval.i_value) = EX_REG;
        -: 2434:			    }
        -: 2435:#line 2436 "bc.c" /* yacc.c:1646  */
    #####: 2436:    break;
        -: 2437:
        -: 2438:  case 101:
        -: 2439:#line 748 "../../bc/bc.y" /* yacc.c:1646  */
        -: 2440:    {
        -: 2441:			      ct_warn ("read function");
        -: 2442:			      generate ("cI");
        -: 2443:			      (yyval.i_value) = EX_REG;
        -: 2444:			    }
        -: 2445:#line 2446 "bc.c" /* yacc.c:1646  */
    #####: 2446:    break;
        -: 2447:
        -: 2448:  case 102:
        -: 2449:#line 754 "../../bc/bc.y" /* yacc.c:1646  */
        -: 2450:    {
        -: 2451:			      ct_warn ("random function");
        -: 2452:			      generate ("cX");
        -: 2453:			      (yyval.i_value) = EX_REG;
        -: 2454:			    }
        -: 2455:#line 2456 "bc.c" /* yacc.c:1646  */
    #####: 2456:    break;
        -: 2457:
        -: 2458:  case 103:
        -: 2459:#line 761 "../../bc/bc.y" /* yacc.c:1646  */
        -: 2460:    { (yyval.i_value) = lookup((yyvsp[0].s_value),SIMPLE); }
        -: 2461:#line 2462 "bc.c" /* yacc.c:1646  */
    #####: 2462:    break;
        -: 2463:
        -: 2464:  case 104:
        -: 2465:#line 763 "../../bc/bc.y" /* yacc.c:1646  */
        -: 2466:    {
        -: 2467:			      if ((yyvsp[-1].i_value) & EX_VOID)
        -: 2468:				yyerror("void expression as subscript");
        -: 2469:			      if ((yyvsp[-1].i_value) & EX_COMP)
        -: 2470:				ct_warn("comparison in subscript");
        -: 2471:			      (yyval.i_value) = lookup((yyvsp[-3].s_value),ARRAY);
        -: 2472:			    }
        -: 2473:#line 2474 "bc.c" /* yacc.c:1646  */
    #####: 2474:    break;
        -: 2475:
        -: 2476:  case 105:
        -: 2477:#line 771 "../../bc/bc.y" /* yacc.c:1646  */
        -: 2478:    { (yyval.i_value) = 0; }
        -: 2479:#line 2480 "bc.c" /* yacc.c:1646  */
    #####: 2480:    break;
        -: 2481:
        -: 2482:  case 106:
        -: 2483:#line 773 "../../bc/bc.y" /* yacc.c:1646  */
        -: 2484:    { (yyval.i_value) = 1; }
        -: 2485:#line 2486 "bc.c" /* yacc.c:1646  */
    #####: 2486:    break;
        -: 2487:
        -: 2488:  case 107:
        -: 2489:#line 775 "../../bc/bc.y" /* yacc.c:1646  */
        -: 2490:    { (yyval.i_value) = 2; }
        -: 2491:#line 2492 "bc.c" /* yacc.c:1646  */
    #####: 2492:    break;
        -: 2493:
        -: 2494:  case 108:
        -: 2495:#line 777 "../../bc/bc.y" /* yacc.c:1646  */
        -: 2496:    { (yyval.i_value) = 3;
        -: 2497:			      ct_warn ("History variable");
        -: 2498:			    }
        -: 2499:#line 2500 "bc.c" /* yacc.c:1646  */
    #####: 2500:    break;
        -: 2501:
        -: 2502:  case 109:
        -: 2503:#line 781 "../../bc/bc.y" /* yacc.c:1646  */
        -: 2504:    { (yyval.i_value) = 4;
        -: 2505:			      ct_warn ("Last variable");
        -: 2506:			    }
        -: 2507:#line 2508 "bc.c" /* yacc.c:1646  */
    #####: 2508:    break;
        -: 2509:
        -: 2510:  case 110:
        -: 2511:#line 787 "../../bc/bc.y" /* yacc.c:1646  */
        -: 2512:    { ct_warn ("End of line required"); }
        -: 2513:#line 2514 "bc.c" /* yacc.c:1646  */
    #####: 2514:    break;
        -: 2515:
        -: 2516:  case 112:
        -: 2517:#line 790 "../../bc/bc.y" /* yacc.c:1646  */
        -: 2518:    { ct_warn ("Too many end of lines"); }
        -: 2519:#line 2520 "bc.c" /* yacc.c:1646  */
    #####: 2520:    break;
        -: 2521:
        -: 2522:
        -: 2523:#line 2524 "bc.c" /* yacc.c:1646  */
        -: 2524:      default: break;
        -: 2525:    }
        -: 2526:  /* User semantic actions sometimes alter yychar, and that requires
        -: 2527:     that yytoken be updated with the new translation.  We take the
        -: 2528:     approach of translating immediately before every use of yytoken.
        -: 2529:     One alternative is translating here after every semantic action,
        -: 2530:     but that translation would be missed if the semantic action invokes
        -: 2531:     YYABORT, YYACCEPT, or YYERROR immediately after altering yychar or
        -: 2532:     if it invokes YYBACKUP.  In the case of YYABORT or YYACCEPT, an
        -: 2533:     incorrect destructor might then be invoked immediately.  In the
        -: 2534:     case of YYERROR or YYBACKUP, subsequent parser actions might lead
        -: 2535:     to an incorrect destructor call or verbose syntax error message
        -: 2536:     before the lookahead is translated.  */
        -: 2537:  YY_SYMBOL_PRINT ("-> $$ =", yyr1[yyn], &yyval, &yyloc);
        -: 2538:
    #####: 2539:  YYPOPSTACK (yylen);
        -: 2540:  yylen = 0;
        -: 2541:  YY_STACK_PRINT (yyss, yyssp);
        -: 2542:
    #####: 2543:  *++yyvsp = yyval;
        -: 2544:
        -: 2545:  /* Now 'shift' the result of the reduction.  Determine what state
        -: 2546:     that goes to, based on the state we popped back to and the rule
        -: 2547:     number reduced by.  */
        -: 2548:
    #####: 2549:  yyn = yyr1[yyn];
        -: 2550:
    #####: 2551:  yystate = yypgoto[yyn - YYNTOKENS] + *yyssp;
    #####: 2552:  if (0 <= yystate && yystate <= YYLAST && yycheck[yystate] == *yyssp)
branch  0 never executed
branch  1 never executed
branch  2 never executed
branch  3 never executed
    #####: 2553:    yystate = yytable[yystate];
        -: 2554:  else
    #####: 2555:    yystate = yydefgoto[yyn - YYNTOKENS];
        -: 2556:
        -: 2557:  goto yynewstate;
        -: 2558:
        -: 2559:
        -: 2560:/*--------------------------------------.
        -: 2561:| yyerrlab -- here on detecting error.  |
        -: 2562:`--------------------------------------*/
        -: 2563:yyerrlab:
        -: 2564:  /* Make sure we have latest lookahead translation.  See comments at
        -: 2565:     user semantic actions for why this is necessary.  */
    #####: 2566:  yytoken = yychar == YYEMPTY ? YYEMPTY : YYTRANSLATE (yychar);
branch  0 never executed
branch  1 never executed
branch  2 never executed
branch  3 never executed
        -: 2567:
        -: 2568:  /* If not already recovering from an error, report this error.  */
    #####: 2569:  if (!yyerrstatus)
branch  0 never executed
branch  1 never executed
        -: 2570:    {
    #####: 2571:      ++yynerrs;
        -: 2572:#if ! YYERROR_VERBOSE
    #####: 2573:      yyerror (YY_("syntax error"));
        -: 2574:#else
        -: 2575:# define YYSYNTAX_ERROR yysyntax_error (&yymsg_alloc, &yymsg, \
        -: 2576:                                        yyssp, yytoken)
        -: 2577:      {
        -: 2578:        char const *yymsgp = YY_("syntax error");
        -: 2579:        int yysyntax_error_status;
        -: 2580:        yysyntax_error_status = YYSYNTAX_ERROR;
        -: 2581:        if (yysyntax_error_status == 0)
        -: 2582:          yymsgp = yymsg;
        -: 2583:        else if (yysyntax_error_status == 1)
        -: 2584:          {
        -: 2585:            if (yymsg != yymsgbuf)
        -: 2586:              YYSTACK_FREE (yymsg);
        -: 2587:            yymsg = (char *) YYSTACK_ALLOC (yymsg_alloc);
        -: 2588:            if (!yymsg)
        -: 2589:              {
        -: 2590:                yymsg = yymsgbuf;
        -: 2591:                yymsg_alloc = sizeof yymsgbuf;
        -: 2592:                yysyntax_error_status = 2;
        -: 2593:              }
        -: 2594:            else
        -: 2595:              {
        -: 2596:                yysyntax_error_status = YYSYNTAX_ERROR;
        -: 2597:                yymsgp = yymsg;
        -: 2598:              }
        -: 2599:          }
        -: 2600:        yyerror (yymsgp);
        -: 2601:        if (yysyntax_error_status == 2)
        -: 2602:          goto yyexhaustedlab;
        -: 2603:      }
        -: 2604:# undef YYSYNTAX_ERROR
        -: 2605:#endif
    #####: 2606:    }
        -: 2607:
        -: 2608:
        -: 2609:
    #####: 2610:  if (yyerrstatus == 3)
branch  0 never executed
branch  1 never executed
        -: 2611:    {
        -: 2612:      /* If just tried and failed to reuse lookahead token after an
        -: 2613:         error, discard it.  */
        -: 2614:
    #####: 2615:      if (yychar <= YYEOF)
branch  0 never executed
branch  1 never executed
        -: 2616:        {
        -: 2617:          /* Return failure if at end of input.  */
    #####: 2618:          if (yychar == YYEOF)
branch  0 never executed
branch  1 never executed
        -: 2619:            YYABORT;
        -: 2620:        }
        -: 2621:      else
        -: 2622:        {
    #####: 2623:          yydestruct ("Error: discarding",
        -: 2624:                      yytoken, &yylval);
    #####: 2625:          yychar = YYEMPTY;
        -: 2626:        }
        -: 2627:    }
        -: 2628:
        -: 2629:  /* Else will try to reuse lookahead token after shifting the error
        -: 2630:     token.  */
        -: 2631:  goto yyerrlab1;
        -: 2632:
        -: 2633:
        -: 2634:/*---------------------------------------------------.
        -: 2635:| yyerrorlab -- error raised explicitly by YYERROR.  |
        -: 2636:`---------------------------------------------------*/
        -: 2637:yyerrorlab:
        -: 2638:
        -: 2639:  /* Pacify compilers like GCC when the user code never invokes
        -: 2640:     YYERROR and the label yyerrorlab therefore never appears in user
        -: 2641:     code.  */
        -: 2642:  if (/*CONSTCOND*/ 0)
        -: 2643:     goto yyerrorlab;
        -: 2644:
        -: 2645:  /* Do not reclaim the symbols of the rule whose action triggered
        -: 2646:     this YYERROR.  */
        -: 2647:  YYPOPSTACK (yylen);
        -: 2648:  yylen = 0;
        -: 2649:  YY_STACK_PRINT (yyss, yyssp);
        -: 2650:  yystate = *yyssp;
        -: 2651:  goto yyerrlab1;
        -: 2652:
        -: 2653:
        -: 2654:/*-------------------------------------------------------------.
        -: 2655:| yyerrlab1 -- common code for both syntax error and YYERROR.  |
        -: 2656:`-------------------------------------------------------------*/
        -: 2657:yyerrlab1:
        -: 2658:  yyerrstatus = 3;      /* Each real token shifted decrements this.  */
        -: 2659:
    #####: 2660:  for (;;)
        -: 2661:    {
    #####: 2662:      yyn = yypact[yystate];
    #####: 2663:      if (!yypact_value_is_default (yyn))
branch  0 never executed
branch  1 never executed
        -: 2664:        {
    #####: 2665:          yyn += YYTERROR;
    #####: 2666:          if (0 <= yyn && yyn <= YYLAST && yycheck[yyn] == YYTERROR)
branch  0 never executed
branch  1 never executed
branch  2 never executed
branch  3 never executed
        -: 2667:            {
    #####: 2668:              yyn = yytable[yyn];
    #####: 2669:              if (0 < yyn)
branch  0 never executed
branch  1 never executed
        -: 2670:                break;
        -: 2671:            }
        -: 2672:        }
        -: 2673:
        -: 2674:      /* Pop the current state because it cannot handle the error token.  */
    #####: 2675:      if (yyssp == yyss)
branch  0 never executed
branch  1 never executed
        -: 2676:        YYABORT;
        -: 2677:
        -: 2678:
    #####: 2679:      yydestruct ("Error: popping",
    #####: 2680:                  yystos[yystate], yyvsp);
    #####: 2681:      YYPOPSTACK (1);
    #####: 2682:      yystate = *yyssp;
        -: 2683:      YY_STACK_PRINT (yyss, yyssp);
        -: 2684:    }
        -: 2685:
        -: 2686:  YY_IGNORE_MAYBE_UNINITIALIZED_BEGIN
    #####: 2687:  *++yyvsp = yylval;
        -: 2688:  YY_IGNORE_MAYBE_UNINITIALIZED_END
        -: 2689:
        -: 2690:
        -: 2691:  /* Shift the error token.  */
        -: 2692:  YY_SYMBOL_PRINT ("Shifting", yystos[yyn], yyvsp, yylsp);
        -: 2693:
        -: 2694:  yystate = yyn;
    #####: 2695:  goto yynewstate;
        -: 2696:
        -: 2697:
        -: 2698:/*-------------------------------------.
        -: 2699:| yyacceptlab -- YYACCEPT comes here.  |
        -: 2700:`-------------------------------------*/
        -: 2701:yyacceptlab:
        -: 2702:  yyresult = 0;
    #####: 2703:  goto yyreturn;
        -: 2704:
        -: 2705:/*-----------------------------------.
        -: 2706:| yyabortlab -- YYABORT comes here.  |
        -: 2707:`-----------------------------------*/
        -: 2708:yyabortlab:
        -: 2709:  yyresult = 1;
    #####: 2710:  goto yyreturn;
        -: 2711:
        -: 2712:#if !defined yyoverflow || YYERROR_VERBOSE
        -: 2713:/*-------------------------------------------------.
        -: 2714:| yyexhaustedlab -- memory exhaustion comes here.  |
        -: 2715:`-------------------------------------------------*/
        -: 2716:yyexhaustedlab:
    #####: 2717:  yyerror (YY_("memory exhausted"));
    #####: 2718:  yyresult = 2;
        -: 2719:  /* Fall through.  */
        -: 2720:#endif
        -: 2721:
        -: 2722:yyreturn:
    #####: 2723:  if (yychar != YYEMPTY)
branch  0 never executed
branch  1 never executed
        -: 2724:    {
        -: 2725:      /* Make sure we have latest lookahead translation.  See comments at
        -: 2726:         user semantic actions for why this is necessary.  */
    #####: 2727:      yytoken = YYTRANSLATE (yychar);
branch  0 never executed
branch  1 never executed
    #####: 2728:      yydestruct ("Cleanup: discarding lookahead",
        -: 2729:                  yytoken, &yylval);
    #####: 2730:    }
        -: 2731:  /* Do not reclaim the symbols of the rule whose action triggered
        -: 2732:     this YYABORT or YYACCEPT.  */
    #####: 2733:  YYPOPSTACK (yylen);
        -: 2734:  YY_STACK_PRINT (yyss, yyssp);
    #####: 2735:  while (yyssp != yyss)
branch  0 never executed
branch  1 never executed
        -: 2736:    {
    #####: 2737:      yydestruct ("Cleanup: popping",
    #####: 2738:                  yystos[*yyssp], yyvsp);
    #####: 2739:      YYPOPSTACK (1);
        -: 2740:    }
        -: 2741:#ifndef yyoverflow
    #####: 2742:  if (yyss != yyssa)
branch  0 never executed
branch  1 never executed
    #####: 2743:    YYSTACK_FREE (yyss);
        -: 2744:#endif
        -: 2745:#if YYERROR_VERBOSE
        -: 2746:  if (yymsg != yymsgbuf)
        -: 2747:    YYSTACK_FREE (yymsg);
        -: 2748:#endif
    #####: 2749:  return yyresult;
    #####: 2750:}
        -: 2751:#line 793 "../../bc/bc.y" /* yacc.c:1906  */
        -: 2752:
