        -:    0:Source:/Users/kimseoye/Developer/git/TheFuzzingBook/2_lexical_fuzzing/4_greybox_fuzzing/fuzzing_architecture/lib/bc-1.07.1/bc/../../bc/scan.l
        -:    0:Graph:/Users/kimseoye/Developer/git/TheFuzzingBook/2_lexical_fuzzing/4_greybox_fuzzing/fuzzing_architecture/lib/bc-1.07.1/bc/scan.gcno
        -:    0:Data:-
        -:    0:Runs:0
        -:    0:Programs:0
        -:    1:/*EOF*/
        -:    2:/*EOF*/
        -:    3:/*EOF*/
        -:    4:/*EOF*/
        -:    5:/*EOF*/
        -:    6:/*EOF*/
        -:    7:/*EOF*/
        -:    8:/*EOF*/
        -:    9:/*EOF*/
        -:   10:/*EOF*/
        -:   11:/*EOF*/
        -:   12:/*EOF*/
        -:   13:/*EOF*/
        -:   14:/*EOF*/
        -:   15:/*EOF*/
        -:   16:/*EOF*/
        -:   17:/*EOF*/
        -:   18:/*EOF*/
        -:   19:/*EOF*/
        -:   20:/*EOF*/
        -:   21:/*EOF*/
        -:   22:/*EOF*/
        -:   23:/*EOF*/
        -:   24:/*EOF*/
        -:   25:/*EOF*/
        -:   26:/*EOF*/
        -:   27:/*EOF*/
        -:   28:/*EOF*/
        -:   29:/*EOF*/
        -:   30:/*EOF*/
        -:   31:/*EOF*/
        -:   32:/*EOF*/
        -:   33:/*EOF*/
        -:   34:/*EOF*/
        -:   35:/*EOF*/
        -:   36:/*EOF*/
        -:   37:/*EOF*/
        -:   38:/*EOF*/
        -:   39:/*EOF*/
        -:   40:/*EOF*/
        -:   41:/*EOF*/
        -:   42:/*EOF*/
        -:   43:/*EOF*/
        -:   44:/*EOF*/
        -:   45:/*EOF*/
        -:   46:/*EOF*/
        -:   47:/*EOF*/
        -:   48:/*EOF*/
        -:   49:/*EOF*/
        -:   50:/*EOF*/
        -:   51:/*EOF*/
        -:   52:/*EOF*/
        -:   53:/*EOF*/
        -:   54:/*EOF*/
        -:   55:/*EOF*/
        -:   56:/*EOF*/
        -:   57:/*EOF*/
        -:   58:/*EOF*/
        -:   59:/*EOF*/
        -:   60:/*EOF*/
        -:   61:/*EOF*/
        -:   62:/*EOF*/
        -:   63:/*EOF*/
        -:   64:/*EOF*/
        -:   65:/*EOF*/
        -:   66:/*EOF*/
        -:   67:/*EOF*/
        -:   68:/*EOF*/
        -:   69:/*EOF*/
        -:   70:/*EOF*/
        -:   71:/*EOF*/
        -:   72:/*EOF*/
        -:   73:/*EOF*/
        -:   74:/*EOF*/
        -:   75:/*EOF*/
        -:   76:/*EOF*/
        -:   77:/*EOF*/
        -:   78:/*EOF*/
        -:   79:/*EOF*/
        -:   80:/*EOF*/
        -:   81:/*EOF*/
        -:   82:/*EOF*/
        -:   83:/*EOF*/
        -:   84:/*EOF*/
        -:   85:/*EOF*/
        -:   86:/*EOF*/
        -:   87:/*EOF*/
        -:   88:/*EOF*/
        -:   89:/*EOF*/
        -:   90:/*EOF*/
        -:   91:/*EOF*/
        -:   92:/*EOF*/
        -:   93:/*EOF*/
        -:   94:/*EOF*/
        -:   95:/*EOF*/
        -:   96:/*EOF*/
        -:   97:/*EOF*/
        -:   98:/*EOF*/
        -:   99:/*EOF*/
        -:  100:/*EOF*/
        -:  101:/*EOF*/
        -:  102:/*EOF*/
        -:  103:/*EOF*/
        -:  104:/*EOF*/
        -:  105:/*EOF*/
        -:  106:/*EOF*/
        -:  107:/*EOF*/
        -:  108:/*EOF*/
        -:  109:/*EOF*/
        -:  110:/*EOF*/
        -:  111:/*EOF*/
        -:  112:/*EOF*/
        -:  113:/*EOF*/
        -:  114:/*EOF*/
        -:  115:/*EOF*/
        -:  116:/*EOF*/
        -:  117:/*EOF*/
        -:  118:/*EOF*/
        -:  119:/*EOF*/
        -:  120:/*EOF*/
        -:  121:/*EOF*/
        -:  122:/*EOF*/
        -:  123:/*EOF*/
        -:  124:/*EOF*/
        -:  125:/*EOF*/
        -:  126:/*EOF*/
        -:  127:/*EOF*/
        -:  128:/*EOF*/
        -:  129:/*EOF*/
        -:  130:/*EOF*/
        -:  131:/*EOF*/
        -:  132:/*EOF*/
        -:  133:/*EOF*/
        -:  134:/*EOF*/
        -:  135:/*EOF*/
        -:  136:/*EOF*/
        -:  137:/*EOF*/
        -:  138:/*EOF*/
        -:  139:/*EOF*/
        -:  140:/*EOF*/
        -:  141:/*EOF*/
        -:  142:/*EOF*/
        -:  143:/*EOF*/
        -:  144:/*EOF*/
        -:  145:/*EOF*/
        -:  146:/*EOF*/
        -:  147:/*EOF*/
        -:  148:/*EOF*/
        -:  149:/*EOF*/
        -:  150:/*EOF*/
        -:  151:/*EOF*/
        -:  152:/*EOF*/
        -:  153:/*EOF*/
        -:  154:/*EOF*/
        -:  155:/*EOF*/
        -:  156:/*EOF*/
        -:  157:/*EOF*/
        -:  158:/*EOF*/
        -:  159:/*EOF*/
        -:  160:/*EOF*/
        -:  161:/*EOF*/
        -:  162:/*EOF*/
        -:  163:/*EOF*/
        -:  164:/*EOF*/
        -:  165:/*EOF*/
        -:  166:/*EOF*/
        -:  167:/*EOF*/
        -:  168:/*EOF*/
        -:  169:/*EOF*/
        -:  170:/*EOF*/
        -:  171:/*EOF*/
        -:  172:/*EOF*/
        -:  173:/*EOF*/
        -:  174:/*EOF*/
        -:  175:/*EOF*/
        -:  176:/*EOF*/
        -:  177:/*EOF*/
        -:  178:/*EOF*/
        -:  179:/*EOF*/
        -:  180:/*EOF*/
        -:  181:/*EOF*/
        -:  182:/*EOF*/
        -:  183:/*EOF*/
        -:  184:/*EOF*/
        -:  185:/*EOF*/
        -:  186:/*EOF*/
        -:  187:/*EOF*/
        -:  188:/*EOF*/
        -:  189:/*EOF*/
        -:  190:/*EOF*/
        -:  191:/*EOF*/
        -:  192:/*EOF*/
        -:  193:/*EOF*/
        -:  194:/*EOF*/
        -:  195:/*EOF*/
        -:  196:/*EOF*/
        -:  197:/*EOF*/
        -:  198:/*EOF*/
        -:  199:/*EOF*/
        -:  200:/*EOF*/
        -:  201:/*EOF*/
        -:  202:/*EOF*/
        -:  203:/*EOF*/
        -:  204:/*EOF*/
        -:  205:/*EOF*/
        -:  206:/*EOF*/
        -:  207:/*EOF*/
        -:  208:/*EOF*/
        -:  209:/*EOF*/
        -:  210:/*EOF*/
        -:  211:/*EOF*/
        -:  212:/*EOF*/
        -:  213:/*EOF*/
        -:  214:/*EOF*/
        -:  215:/*EOF*/
        -:  216:/*EOF*/
        -:  217:/*EOF*/
        -:  218:/*EOF*/
        -:  219:/*EOF*/
        -:  220:/*EOF*/
        -:  221:/*EOF*/
        -:  222:/*EOF*/
        -:  223:/*EOF*/
        -:  224:/*EOF*/
        -:  225:/*EOF*/
        -:  226:/*EOF*/
        -:  227:/*EOF*/
        -:  228:/*EOF*/
        -:  229:/*EOF*/
        -:  230:/*EOF*/
        -:  231:/*EOF*/
        -:  232:/*EOF*/
        -:  233:/*EOF*/
        -:  234:/*EOF*/
        -:  235:/*EOF*/
        -:  236:/*EOF*/
        -:  237:/*EOF*/
        -:  238:/*EOF*/
        -:  239:/*EOF*/
        -:  240:/*EOF*/
        -:  241:/*EOF*/
        -:  242:/*EOF*/
        -:  243:/*EOF*/
        -:  244:/*EOF*/
        -:  245:/*EOF*/
        -:  246:/*EOF*/
        -:  247:/*EOF*/
        -:  248:/*EOF*/
        -:  249:/*EOF*/
        -:  250:/*EOF*/
        -:  251:/*EOF*/
        -:  252:/*EOF*/
        -:  253:/*EOF*/
        -:  254:/*EOF*/
        -:  255:/*EOF*/
        -:  256:/*EOF*/
        -:  257:/*EOF*/
        -:  258:/*EOF*/
        -:  259:/*EOF*/
        -:  260:/*EOF*/
        -:  261:/*EOF*/
        -:  262:/*EOF*/
        -:  263:/*EOF*/
        -:  264:/*EOF*/
        -:  265:/*EOF*/
        -:  266:/*EOF*/
        -:  267:/*EOF*/
        -:  268:/*EOF*/
        -:  269:/*EOF*/
        -:  270:/*EOF*/
        -:  271:/*EOF*/
        -:  272:/*EOF*/
        -:  273:/*EOF*/
        -:  274:/*EOF*/
        -:  275:/*EOF*/
        -:  276:/*EOF*/
        -:  277:/*EOF*/
        -:  278:/*EOF*/
        -:  279:/*EOF*/
        -:  280:/*EOF*/
        -:  281:/*EOF*/
        -:  282:/*EOF*/
        -:  283:/*EOF*/
        -:  284:/*EOF*/
        -:  285:/*EOF*/
        -:  286:/*EOF*/
        -:  287:/*EOF*/
        -:  288:/*EOF*/
        -:  289:/*EOF*/
        -:  290:/*EOF*/
        -:  291:/*EOF*/
        -:  292:/*EOF*/
        -:  293:/*EOF*/
        -:  294:/*EOF*/
        -:  295:/*EOF*/
        -:  296:/*EOF*/
        -:  297:/*EOF*/
        -:  298:/*EOF*/
        -:  299:/*EOF*/
        -:  300:/*EOF*/
        -:  301:/*EOF*/
        -:  302:/*EOF*/
        -:  303:/*EOF*/
        -:  304:/*EOF*/
        -:  305:/*EOF*/
        -:  306:/*EOF*/
        -:  307:/*EOF*/
        -:  308:/*EOF*/
        -:  309:/*EOF*/
        -:  310:/*EOF*/
        -:  311:/*EOF*/
        -:  312:/*EOF*/
        -:  313:/*EOF*/
        -:  314:/*EOF*/
        -:  315:/*EOF*/
        -:  316:/*EOF*/
        -:  317:/*EOF*/
        -:  318:/*EOF*/
        -:  319:/*EOF*/
        -:  320:/*EOF*/
        -:  321:/*EOF*/
        -:  322:/*EOF*/
        -:  323:/*EOF*/
        -:  324:/*EOF*/
        -:  325:/*EOF*/
        -:  326:/*EOF*/
        -:  327:/*EOF*/
        -:  328:/*EOF*/
        -:  329:/*EOF*/
        -:  330:/*EOF*/
        -:  331:/*EOF*/
        -:  332:/*EOF*/
        -:  333:/*EOF*/
        -:  334:/*EOF*/
        -:  335:/*EOF*/
        -:  336:/*EOF*/
        -:  337:/*EOF*/
        -:  338:/*EOF*/
        -:  339:/*EOF*/
        -:  340:/*EOF*/
        -:  341:/*EOF*/
        -:  342:/*EOF*/
        -:  343:/*EOF*/
        -:  344:/*EOF*/
        -:  345:/*EOF*/
        -:  346:/*EOF*/
        -:  347:/*EOF*/
        -:  348:/*EOF*/
        -:  349:/*EOF*/
        -:  350:/*EOF*/
        -:  351:/*EOF*/
        -:  352:/*EOF*/
        -:  353:/*EOF*/
        -:  354:/*EOF*/
        -:  355:/*EOF*/
        -:  356:/*EOF*/
        -:  357:/*EOF*/
        -:  358:/*EOF*/
        -:  359:/*EOF*/
        -:  360:/*EOF*/
        -:  361:/*EOF*/
        -:  362:/*EOF*/
        -:  363:/*EOF*/
function yywrap called 0 returned 0% blocks executed 0%
    #####:  364:/*EOF*/
        -:  365:/*EOF*/
    #####:  366:/*EOF*/
branch  0 never executed
branch  1 never executed
    #####:  367:/*EOF*/
        -:  368:/*EOF*/
    #####:  369:/*EOF*/
