        -:    0:Source:/Applications/Xcode.app/Contents/Developer/Platforms/MacOSX.platform/Developer/SDKs/MacOSX.sdk/usr/include/math.h
        -:    0:Graph:/Users/kimseoye/Developer/git/TheFuzzingBook/2_lexical_fuzzing/4_greybox_fuzzing/fuzzing_architecture/lib/cJSON/cJSON.gcno
        -:    0:Data:-
        -:    0:Runs:0
        -:    0:Programs:0
        -:    1:/*
        -:    2: * Copyright (c) 2002-2017 Apple Inc. All rights reserved.
        -:    3: *
        -:    4: * @APPLE_LICENSE_HEADER_START@
        -:    5: * 
        -:    6: * The contents of this file constitute Original Code as defined in and
        -:    7: * are subject to the Apple Public Source License Version 1.1 (the
        -:    8: * "License").  You may not use this file except in compliance with the
        -:    9: * License.  Please obtain a copy of the License at
        -:   10: * http://www.apple.com/publicsource and read it before using this file.
        -:   11: * 
        -:   12: * This Original Code and all software distributed under the License are
        -:   13: * distributed on an "AS IS" basis, WITHOUT WARRANTY OF ANY KIND, EITHER
        -:   14: * EXPRESS OR IMPLIED, AND APPLE HEREBY DISCLAIMS ALL SUCH WARRANTIES,
        -:   15: * INCLUDING WITHOUT LIMITATION, ANY WARRANTIES OF MERCHANTABILITY,
        -:   16: * FITNESS FOR A PARTICULAR PURPOSE OR NON-INFRINGEMENT.  Please see the
        -:   17: * License for the specific language governing rights and limitations
        -:   18: * under the License.
        -:   19: * 
        -:   20: * @APPLE_LICENSE_HEADER_END@
        -:   21: */
        -:   22:
        -:   23:#ifndef __MATH_H__
        -:   24:#define __MATH_H__
        -:   25:
        -:   26:#ifndef __MATH__
        -:   27:#define __MATH__
        -:   28:#endif
        -:   29:
        -:   30:#include <sys/cdefs.h>
        -:   31:#include <Availability.h>
        -:   32:
        -:   33:__BEGIN_DECLS
        -:   34:
        -:   35:/******************************************************************************
        -:   36: * Floating point data types                                                  *
        -:   37: ******************************************************************************/
        -:   38:
        -:   39:/*  Define float_t and double_t per C standard, ISO/IEC 9899:2011 7.12 2,
        -:   40:    taking advantage of GCC's __FLT_EVAL_METHOD__ (which a compiler may
        -:   41:    define anytime and GCC does) that shadows FLT_EVAL_METHOD (which a
        -:   42:    compiler must define only in float.h).                                    */
        -:   43:#if __FLT_EVAL_METHOD__ == 0
        -:   44:    typedef float float_t;
        -:   45:    typedef double double_t;
        -:   46:#elif __FLT_EVAL_METHOD__ == 1
        -:   47:    typedef double float_t;
        -:   48:    typedef double double_t;
        -:   49:#elif __FLT_EVAL_METHOD__ == 2 || __FLT_EVAL_METHOD__ == -1
        -:   50:    typedef long double float_t;
        -:   51:    typedef long double double_t;
        -:   52:#else /* __FLT_EVAL_METHOD__ */
        -:   53:#   error "Unsupported value of __FLT_EVAL_METHOD__."
        -:   54:#endif /* __FLT_EVAL_METHOD__ */
        -:   55:
        -:   56:#if defined(__GNUC__)
        -:   57:#   define    HUGE_VAL     __builtin_huge_val()
        -:   58:#   define    HUGE_VALF    __builtin_huge_valf()
        -:   59:#   define    HUGE_VALL    __builtin_huge_vall()
        -:   60:#   define    NAN          __builtin_nanf("0x7fc00000")
        -:   61:#else
        -:   62:#   define    HUGE_VAL     1e500
        -:   63:#   define    HUGE_VALF    1e50f
        -:   64:#   define    HUGE_VALL    1e5000L
        -:   65:#   define    NAN          __nan()
        -:   66:#endif
        -:   67:
        -:   68:#define INFINITY    HUGE_VALF
        -:   69:
        -:   70:/******************************************************************************
        -:   71: *      Taxonomy of floating point data types                                 *
        -:   72: ******************************************************************************/
        -:   73:
        -:   74:#define FP_NAN          1
        -:   75:#define FP_INFINITE     2
        -:   76:#define FP_ZERO         3
        -:   77:#define FP_NORMAL       4
        -:   78:#define FP_SUBNORMAL    5
        -:   79:#define FP_SUPERNORMAL  6 /* legacy PowerPC support; this is otherwise unused */
        -:   80:
        -:   81:#if defined __arm64__ || defined __ARM_VFPV4__
        -:   82:/*  On these architectures, fma(), fmaf( ), and fmal( ) are generally about as
        -:   83:    fast as (or faster than) separate multiply and add of the same operands.  */
        -:   84:#   define FP_FAST_FMA     1
        -:   85:#   define FP_FAST_FMAF    1
        -:   86:#   define FP_FAST_FMAL    1
        -:   87:#elif (defined __i386__ || defined __x86_64__) && (defined __FMA__ || defined __AVX512F__)
        -:   88:/*  When targeting the FMA ISA extension, fma() and fmaf( ) are generally
        -:   89:    about as fast as (or faster than) separate multiply and add of the same
        -:   90:    operands, but fmal( ) may be more costly.                                 */
        -:   91:#   define FP_FAST_FMA     1
        -:   92:#   define FP_FAST_FMAF    1
        -:   93:#   undef  FP_FAST_FMAL
        -:   94:#else
        -:   95:/*  On these architectures, fma( ), fmaf( ), and fmal( ) function calls are
        -:   96:    significantly more costly than separate multiply and add operations.      */
        -:   97:#   undef  FP_FAST_FMA
        -:   98:#   undef  FP_FAST_FMAF
        -:   99:#   undef  FP_FAST_FMAL
        -:  100:#endif
        -:  101:
        -:  102:/* The values returned by `ilogb' for 0 and NaN respectively. */
        -:  103:#define FP_ILOGB0      (-2147483647 - 1)
        -:  104:#define FP_ILOGBNAN    (-2147483647 - 1)
        -:  105:
        -:  106:/* Bitmasks for the math_errhandling macro.  */
        -:  107:#define MATH_ERRNO        1    /* errno set by math functions.  */
        -:  108:#define MATH_ERREXCEPT    2    /* Exceptions raised by math functions.  */
        -:  109:
        -:  110:#define math_errhandling (__math_errhandling())
        -:  111:extern int __math_errhandling(void);
        -:  112:
        -:  113:/******************************************************************************
        -:  114: *                                                                            *
        -:  115: *                              Inquiry macros                                *
        -:  116: *                                                                            *
        -:  117: *  fpclassify      Returns one of the FP_* values.                           *
        -:  118: *  isnormal        Non-zero if and only if the argument x is normalized.     *
        -:  119: *  isfinite        Non-zero if and only if the argument x is finite.         *
        -:  120: *  isnan           Non-zero if and only if the argument x is a NaN.          *
        -:  121: *  signbit         Non-zero if and only if the sign of the argument x is     *
        -:  122: *                  negative.  This includes, NaNs, infinities and zeros.     *
        -:  123: *                                                                            *
        -:  124: ******************************************************************************/
        -:  125:
        -:  126:#define fpclassify(x)                                                    \
        -:  127:    ( sizeof(x) == sizeof(float)  ? __fpclassifyf((float)(x))            \
        -:  128:    : sizeof(x) == sizeof(double) ? __fpclassifyd((double)(x))           \
        -:  129:                                  : __fpclassifyl((long double)(x)))
        -:  130:
        -:  131:extern int __fpclassifyf(float);
        -:  132:extern int __fpclassifyd(double);
        -:  133:extern int __fpclassifyl(long double);
        -:  134:
        -:  135:#if (defined(__GNUC__) && 0 == __FINITE_MATH_ONLY__)
        -:  136:/*  These inline functions may fail to return expected results if unsafe
        -:  137:    math optimizations like those enabled by -ffast-math are turned on.
        -:  138:    Thus, (somewhat surprisingly) you only get the fast inline
        -:  139:    implementations if such compiler options are NOT enabled.  This is
        -:  140:    because the inline functions require the compiler to be adhering to
        -:  141:    the standard in order to work properly; -ffast-math, among other
        -:  142:    things, implies that NaNs don't happen, which allows the compiler to
        -:  143:    optimize away checks like x != x, which might lead to things like
        -:  144:    isnan(NaN) returning false.                                               
        -:  145: 
        -:  146:    Thus, if you compile with -ffast-math, actual function calls are
        -:  147:    generated for these utilities.                                            */
        -:  148:    
        -:  149:#define isnormal(x)                                                      \
        -:  150:    ( sizeof(x) == sizeof(float)  ? __inline_isnormalf((float)(x))       \
        -:  151:    : sizeof(x) == sizeof(double) ? __inline_isnormald((double)(x))      \
        -:  152:                                  : __inline_isnormall((long double)(x)))
        -:  153:
        -:  154:#define isfinite(x)                                                      \
        -:  155:    ( sizeof(x) == sizeof(float)  ? __inline_isfinitef((float)(x))       \
        -:  156:    : sizeof(x) == sizeof(double) ? __inline_isfinited((double)(x))      \
        -:  157:                                  : __inline_isfinitel((long double)(x)))
        -:  158:
        -:  159:#define isinf(x)                                                         \
        -:  160:    ( sizeof(x) == sizeof(float)  ? __inline_isinff((float)(x))          \
        -:  161:    : sizeof(x) == sizeof(double) ? __inline_isinfd((double)(x))         \
        -:  162:                                  : __inline_isinfl((long double)(x)))
        -:  163:
        -:  164:#define isnan(x)                                                         \
        -:  165:    ( sizeof(x) == sizeof(float)  ? __inline_isnanf((float)(x))          \
        -:  166:    : sizeof(x) == sizeof(double) ? __inline_isnand((double)(x))         \
        -:  167:                                  : __inline_isnanl((long double)(x)))
        -:  168:
        -:  169:#define signbit(x)                                                       \
        -:  170:    ( sizeof(x) == sizeof(float)  ? __inline_signbitf((float)(x))        \
        -:  171:    : sizeof(x) == sizeof(double) ? __inline_signbitd((double)(x))       \
        -:  172:                                  : __inline_signbitl((long double)(x)))
        -:  173:
        -:  174:__header_always_inline int __inline_isfinitef(float);
        -:  175:__header_always_inline int __inline_isfinited(double);
        -:  176:__header_always_inline int __inline_isfinitel(long double);
        -:  177:__header_always_inline int __inline_isinff(float);
        -:  178:__header_always_inline int __inline_isinfd(double);
        -:  179:__header_always_inline int __inline_isinfl(long double);
        -:  180:__header_always_inline int __inline_isnanf(float);
        -:  181:__header_always_inline int __inline_isnand(double);
        -:  182:__header_always_inline int __inline_isnanl(long double);
        -:  183:__header_always_inline int __inline_isnormalf(float);
        -:  184:__header_always_inline int __inline_isnormald(double);
        -:  185:__header_always_inline int __inline_isnormall(long double);
        -:  186:__header_always_inline int __inline_signbitf(float);
        -:  187:__header_always_inline int __inline_signbitd(double);
        -:  188:__header_always_inline int __inline_signbitl(long double);
        -:  189:    
        -:  190:__header_always_inline int __inline_isfinitef(float __x) {
        -:  191:    return __x == __x && __builtin_fabsf(__x) != __builtin_inff();
        -:  192:}
        -:  193:__header_always_inline int __inline_isfinited(double __x) {
        -:  194:    return __x == __x && __builtin_fabs(__x) != __builtin_inf();
        -:  195:}
        -:  196:__header_always_inline int __inline_isfinitel(long double __x) {
        -:  197:    return __x == __x && __builtin_fabsl(__x) != __builtin_infl();
        -:  198:}
function __inline_isinff called 0 returned 0% blocks executed 0%
    #####:  199:__header_always_inline int __inline_isinff(float __x) {
    #####:  200:    return __builtin_fabsf(__x) == __builtin_inff();
        -:  201:}
function __inline_isinfd called 0 returned 0% blocks executed 0%
    #####:  202:__header_always_inline int __inline_isinfd(double __x) {
    #####:  203:    return __builtin_fabs(__x) == __builtin_inf();
        -:  204:}
function __inline_isinfl called 0 returned 0% blocks executed 0%
    #####:  205:__header_always_inline int __inline_isinfl(long double __x) {
    #####:  206:    return __builtin_fabsl(__x) == __builtin_infl();
        -:  207:}
function __inline_isnanf called 0 returned 0% blocks executed 0%
    #####:  208:__header_always_inline int __inline_isnanf(float __x) {
    #####:  209:    return __x != __x;
        -:  210:}
function __inline_isnand called 0 returned 0% blocks executed 0%
    #####:  211:__header_always_inline int __inline_isnand(double __x) {
    #####:  212:    return __x != __x;
        -:  213:}
function __inline_isnanl called 0 returned 0% blocks executed 0%
    #####:  214:__header_always_inline int __inline_isnanl(long double __x) {
    #####:  215:    return __x != __x;
        -:  216:}
        -:  217:__header_always_inline int __inline_signbitf(float __x) {
        -:  218:    union { float __f; unsigned int __u; } __u;
        -:  219:    __u.__f = __x;
        -:  220:    return (int)(__u.__u >> 31);
        -:  221:}
        -:  222:__header_always_inline int __inline_signbitd(double __x) {
        -:  223:    union { double __f; unsigned long long __u; } __u;
        -:  224:    __u.__f = __x;
        -:  225:    return (int)(__u.__u >> 63);
        -:  226:}
        -:  227:#if defined __i386__ || defined __x86_64__
        -:  228:__header_always_inline int __inline_signbitl(long double __x) {
        -:  229:    union {
        -:  230:        long double __ld;
        -:  231:        struct{ unsigned long long __m; unsigned short __sexp; } __p;
        -:  232:    } __u;
        -:  233:    __u.__ld = __x;
        -:  234:    return (int)(__u.__p.__sexp >> 15);
        -:  235:}
        -:  236:#else
        -:  237:__header_always_inline int __inline_signbitl(long double __x) {
        -:  238:    union { long double __f; unsigned long long __u;} __u;
        -:  239:    __u.__f = __x;
        -:  240:    return (int)(__u.__u >> 63);
        -:  241:}
        -:  242:#endif
        -:  243:__header_always_inline int __inline_isnormalf(float __x) {
        -:  244:    return __inline_isfinitef(__x) && __builtin_fabsf(__x) >= __FLT_MIN__;
        -:  245:}
        -:  246:__header_always_inline int __inline_isnormald(double __x) {
        -:  247:    return __inline_isfinited(__x) && __builtin_fabs(__x) >= __DBL_MIN__;
        -:  248:}
        -:  249:__header_always_inline int __inline_isnormall(long double __x) {
        -:  250:    return __inline_isfinitel(__x) && __builtin_fabsl(__x) >= __LDBL_MIN__;
        -:  251:}
        -:  252:    
        -:  253:#else /* defined(__GNUC__) && 0 == __FINITE_MATH_ONLY__ */
        -:  254:
        -:  255:/*  Implementations making function calls to fall back on when -ffast-math
        -:  256:    or similar is specified.  These are not available in iOS versions prior
        -:  257:    to 6.0.  If you need them, you must target that version or later.         */
        -:  258:    
        -:  259:#define isnormal(x)                                               \
        -:  260:    ( sizeof(x) == sizeof(float)  ? __isnormalf((float)(x))       \
        -:  261:    : sizeof(x) == sizeof(double) ? __isnormald((double)(x))      \
        -:  262:                                  : __isnormall((long double)(x)))
        -:  263:    
        -:  264:#define isfinite(x)                                               \
        -:  265:    ( sizeof(x) == sizeof(float)  ? __isfinitef((float)(x))       \
        -:  266:    : sizeof(x) == sizeof(double) ? __isfinited((double)(x))      \
        -:  267:                                  : __isfinitel((long double)(x)))
        -:  268:    
        -:  269:#define isinf(x)                                                  \
        -:  270:    ( sizeof(x) == sizeof(float)  ? __isinff((float)(x))          \
        -:  271:    : sizeof(x) == sizeof(double) ? __isinfd((double)(x))         \
        -:  272:                                  : __isinfl((long double)(x)))
        -:  273:    
        -:  274:#define isnan(x)                                                  \
        -:  275:    ( sizeof(x) == sizeof(float)  ? __isnanf((float)(x))          \
        -:  276:    : sizeof(x) == sizeof(double) ? __isnand((double)(x))         \
        -:  277:                                  : __isnanl((long double)(x)))
        -:  278:    
        -:  279:#define signbit(x)                                                \
        -:  280:    ( sizeof(x) == sizeof(float)  ? __signbitf((float)(x))        \
        -:  281:    : sizeof(x) == sizeof(double) ? __signbitd((double)(x))       \
        -:  282:                                  : __signbitl((long double)(x)))
        -:  283:    
        -:  284:extern int __isnormalf(float);
        -:  285:extern int __isnormald(double);
        -:  286:extern int __isnormall(long double);
        -:  287:extern int __isfinitef(float);
        -:  288:extern int __isfinited(double);
        -:  289:extern int __isfinitel(long double);
        -:  290:extern int __isinff(float);
        -:  291:extern int __isinfd(double);
        -:  292:extern int __isinfl(long double);
        -:  293:extern int __isnanf(float);
        -:  294:extern int __isnand(double);
        -:  295:extern int __isnanl(long double);
        -:  296:extern int __signbitf(float);
        -:  297:extern int __signbitd(double);
        -:  298:extern int __signbitl(long double);
        -:  299:
        -:  300:#endif /* defined(__GNUC__) && 0 == __FINITE_MATH_ONLY__ */
        -:  301:
        -:  302:/******************************************************************************
        -:  303: *                                                                            *
        -:  304: *                              Math Functions                                *
        -:  305: *                                                                            *
        -:  306: ******************************************************************************/
        -:  307:    
        -:  308:extern float acosf(float);
        -:  309:extern double acos(double);
        -:  310:extern long double acosl(long double);
        -:  311:    
        -:  312:extern float asinf(float);
        -:  313:extern double asin(double);
        -:  314:extern long double asinl(long double);
        -:  315:    
        -:  316:extern float atanf(float);
        -:  317:extern double atan(double);
        -:  318:extern long double atanl(long double);
        -:  319:    
        -:  320:extern float atan2f(float, float);
        -:  321:extern double atan2(double, double);
        -:  322:extern long double atan2l(long double, long double);
        -:  323:    
        -:  324:extern float cosf(float);
        -:  325:extern double cos(double);
        -:  326:extern long double cosl(long double);
        -:  327:    
        -:  328:extern float sinf(float);
        -:  329:extern double sin(double);
        -:  330:extern long double sinl(long double);
        -:  331:    
        -:  332:extern float tanf(float);
        -:  333:extern double tan(double);
        -:  334:extern long double tanl(long double);
        -:  335:    
        -:  336:extern float acoshf(float);
        -:  337:extern double acosh(double);
        -:  338:extern long double acoshl(long double);
        -:  339:    
        -:  340:extern float asinhf(float);
        -:  341:extern double asinh(double);
        -:  342:extern long double asinhl(long double);
        -:  343:    
        -:  344:extern float atanhf(float);
        -:  345:extern double atanh(double);
        -:  346:extern long double atanhl(long double);
        -:  347:    
        -:  348:extern float coshf(float);
        -:  349:extern double cosh(double);
        -:  350:extern long double coshl(long double);
        -:  351:    
        -:  352:extern float sinhf(float);
        -:  353:extern double sinh(double);
        -:  354:extern long double sinhl(long double);
        -:  355:    
        -:  356:extern float tanhf(float);
        -:  357:extern double tanh(double);
        -:  358:extern long double tanhl(long double);
        -:  359:    
        -:  360:extern float expf(float);
        -:  361:extern double exp(double);
        -:  362:extern long double expl(long double);
        -:  363:
        -:  364:extern float exp2f(float);
        -:  365:extern double exp2(double); 
        -:  366:extern long double exp2l(long double); 
        -:  367:
        -:  368:extern float expm1f(float);
        -:  369:extern double expm1(double); 
        -:  370:extern long double expm1l(long double); 
        -:  371:
        -:  372:extern float logf(float);
        -:  373:extern double log(double);
        -:  374:extern long double logl(long double);
        -:  375:
        -:  376:extern float log10f(float);
        -:  377:extern double log10(double);
        -:  378:extern long double log10l(long double);
        -:  379:
        -:  380:extern float log2f(float);
        -:  381:extern double log2(double);
        -:  382:extern long double log2l(long double);
        -:  383:
        -:  384:extern float log1pf(float);
        -:  385:extern double log1p(double);
        -:  386:extern long double log1pl(long double);
        -:  387:
        -:  388:extern float logbf(float);
        -:  389:extern double logb(double);
        -:  390:extern long double logbl(long double);
        -:  391:
        -:  392:extern float modff(float, float *);
        -:  393:extern double modf(double, double *);
        -:  394:extern long double modfl(long double, long double *);
        -:  395:
        -:  396:extern float ldexpf(float, int);
        -:  397:extern double ldexp(double, int);
        -:  398:extern long double ldexpl(long double, int);
        -:  399:
        -:  400:extern float frexpf(float, int *);
        -:  401:extern double frexp(double, int *);
        -:  402:extern long double frexpl(long double, int *);
        -:  403:
        -:  404:extern int ilogbf(float);
        -:  405:extern int ilogb(double);
        -:  406:extern int ilogbl(long double);
        -:  407:
        -:  408:extern float scalbnf(float, int);
        -:  409:extern double scalbn(double, int);
        -:  410:extern long double scalbnl(long double, int);
        -:  411:
        -:  412:extern float scalblnf(float, long int);
        -:  413:extern double scalbln(double, long int);
        -:  414:extern long double scalblnl(long double, long int);
        -:  415:
        -:  416:extern float fabsf(float);
        -:  417:extern double fabs(double);
        -:  418:extern long double fabsl(long double);
        -:  419:
        -:  420:extern float cbrtf(float);
        -:  421:extern double cbrt(double);
        -:  422:extern long double cbrtl(long double);
        -:  423:
        -:  424:extern float hypotf(float, float);
        -:  425:extern double hypot(double, double);
        -:  426:extern long double hypotl(long double, long double);
        -:  427:
        -:  428:extern float powf(float, float);
        -:  429:extern double pow(double, double);
        -:  430:extern long double powl(long double, long double);
        -:  431:
        -:  432:extern float sqrtf(float);
        -:  433:extern double sqrt(double);
        -:  434:extern long double sqrtl(long double);
        -:  435:
        -:  436:extern float erff(float);
        -:  437:extern double erf(double);
        -:  438:extern long double erfl(long double);
        -:  439:
        -:  440:extern float erfcf(float);
        -:  441:extern double erfc(double);
        -:  442:extern long double erfcl(long double);
        -:  443:
        -:  444:/*	lgammaf, lgamma, and lgammal are not thread-safe. The thread-safe
        -:  445:    variants lgammaf_r, lgamma_r, and lgammal_r are made available if
        -:  446:    you define the _REENTRANT symbol before including <math.h>                */
        -:  447:extern float lgammaf(float);
        -:  448:extern double lgamma(double);
        -:  449:extern long double lgammal(long double);
        -:  450:
        -:  451:extern float tgammaf(float);
        -:  452:extern double tgamma(double);
        -:  453:extern long double tgammal(long double);
        -:  454:
        -:  455:extern float ceilf(float);
        -:  456:extern double ceil(double);
        -:  457:extern long double ceill(long double);
        -:  458:
        -:  459:extern float floorf(float);
        -:  460:extern double floor(double);
        -:  461:extern long double floorl(long double);
        -:  462:
        -:  463:extern float nearbyintf(float);
        -:  464:extern double nearbyint(double);
        -:  465:extern long double nearbyintl(long double);
        -:  466:
        -:  467:extern float rintf(float);
        -:  468:extern double rint(double);
        -:  469:extern long double rintl(long double);
        -:  470:
        -:  471:extern long int lrintf(float);
        -:  472:extern long int lrint(double);
        -:  473:extern long int lrintl(long double);
        -:  474:
        -:  475:extern float roundf(float);
        -:  476:extern double round(double);
        -:  477:extern long double roundl(long double);
        -:  478:
        -:  479:extern long int lroundf(float);
        -:  480:extern long int lround(double);
        -:  481:extern long int lroundl(long double);
        -:  482:    
        -:  483:/*  long long is not part of C90. Make sure you are passing -std=c99 or
        -:  484:    -std=gnu99 or higher if you need these functions returning long longs     */
        -:  485:#if !(__DARWIN_NO_LONG_LONG)
        -:  486:extern long long int llrintf(float);
        -:  487:extern long long int llrint(double);
        -:  488:extern long long int llrintl(long double);
        -:  489:
        -:  490:extern long long int llroundf(float);
        -:  491:extern long long int llround(double);
        -:  492:extern long long int llroundl(long double);
        -:  493:#endif /* !(__DARWIN_NO_LONG_LONG) */
        -:  494:
        -:  495:extern float truncf(float);
        -:  496:extern double trunc(double);
        -:  497:extern long double truncl(long double);
        -:  498:
        -:  499:extern float fmodf(float, float);
        -:  500:extern double fmod(double, double);
        -:  501:extern long double fmodl(long double, long double);
        -:  502:
        -:  503:extern float remainderf(float, float);
        -:  504:extern double remainder(double, double);
        -:  505:extern long double remainderl(long double, long double);
        -:  506:
        -:  507:extern float remquof(float, float, int *);
        -:  508:extern double remquo(double, double, int *);
        -:  509:extern long double remquol(long double, long double, int *);
        -:  510:
        -:  511:extern float copysignf(float, float);
        -:  512:extern double copysign(double, double);
        -:  513:extern long double copysignl(long double, long double);
        -:  514:
        -:  515:extern float nanf(const char *);
        -:  516:extern double nan(const char *);
        -:  517:extern long double nanl(const char *);
        -:  518:
        -:  519:extern float nextafterf(float, float);
        -:  520:extern double nextafter(double, double);
        -:  521:extern long double nextafterl(long double, long double);
        -:  522:
        -:  523:extern double nexttoward(double, long double);
        -:  524:extern float nexttowardf(float, long double);
        -:  525:extern long double nexttowardl(long double, long double);
        -:  526:
        -:  527:extern float fdimf(float, float);
        -:  528:extern double fdim(double, double);
        -:  529:extern long double fdiml(long double, long double);
        -:  530:
        -:  531:extern float fmaxf(float, float);
        -:  532:extern double fmax(double, double);
        -:  533:extern long double fmaxl(long double, long double);
        -:  534:
        -:  535:extern float fminf(float, float);
        -:  536:extern double fmin(double, double);
        -:  537:extern long double fminl(long double, long double);
        -:  538:
        -:  539:extern float fmaf(float, float, float);
        -:  540:extern double fma(double, double, double);
        -:  541:extern long double fmal(long double, long double, long double);
        -:  542:
        -:  543:#define isgreater(x, y) __builtin_isgreater((x),(y))
        -:  544:#define isgreaterequal(x, y) __builtin_isgreaterequal((x),(y))
        -:  545:#define isless(x, y) __builtin_isless((x),(y))
        -:  546:#define islessequal(x, y) __builtin_islessequal((x),(y))
        -:  547:#define islessgreater(x, y) __builtin_islessgreater((x),(y))
        -:  548:#define isunordered(x, y) __builtin_isunordered((x),(y))
        -:  549:
        -:  550:#if defined __i386__ || defined __x86_64__
        -:  551:/* Deprecated functions; use the INFINITY and NAN macros instead.             */
        -:  552:extern float __inff(void)
        -:  553:__API_DEPRECATED("use `(float)INFINITY` instead", macos(10.0, 10.9)) __API_UNAVAILABLE(ios, watchos, tvos);
        -:  554:extern double __inf(void)
        -:  555:__API_DEPRECATED("use `INFINITY` instead", macos(10.0, 10.9)) __API_UNAVAILABLE(ios, watchos, tvos);
        -:  556:extern long double __infl(void)
        -:  557:__API_DEPRECATED("use `(long double)INFINITY` instead", macos(10.0, 10.9)) __API_UNAVAILABLE(ios, watchos, tvos);
        -:  558:extern float __nan(void)
        -:  559:__API_DEPRECATED("use `NAN` instead", macos(10.0, 10.14)) __API_UNAVAILABLE(ios, watchos, tvos);
        -:  560:#endif
        -:  561:
        -:  562:/******************************************************************************
        -:  563: *  Reentrant variants of lgamma[fl]                                          *
        -:  564: ******************************************************************************/
        -:  565:
        -:  566:#ifdef _REENTRANT
        -:  567:/*  Reentrant variants of the lgamma[fl] functions.                           */
        -:  568:extern float lgammaf_r(float, int *) __API_AVAILABLE(macos(10.6), ios(3.1));
        -:  569:extern double lgamma_r(double, int *) __API_AVAILABLE(macos(10.6), ios(3.1));
        -:  570:extern long double lgammal_r(long double, int *) __API_AVAILABLE(macos(10.6), ios(3.1));
        -:  571:#endif /* _REENTRANT */
        -:  572:
        -:  573:/******************************************************************************
        -:  574: *  Apple extensions to the C standard                                        *
        -:  575: ******************************************************************************/
        -:  576:
        -:  577:/*  Because these functions are not specified by any relevant standard, they
        -:  578:    are prefixed with __, which places them in the implementor's namespace, so
        -:  579:    they should not conflict with any developer or third-party code.  If they
        -:  580:    are added to a relevant standard in the future, un-prefixed names may be
        -:  581:    added to the library and they may be moved out of this section of the
        -:  582:    header.                                                                   
        -:  583: 
        -:  584:    Because these functions are non-standard, they may not be available on non-
        -:  585:    Apple platforms.                                                          */
        -:  586:
        -:  587:/*  __exp10(x) returns 10**x.  Edge cases match those of exp( ) and exp2( ).  */
        -:  588:extern float __exp10f(float) __API_AVAILABLE(macos(10.9), ios(7.0));
        -:  589:extern double __exp10(double) __API_AVAILABLE(macos(10.9), ios(7.0));
        -:  590:
        -:  591:/*  __sincos(x,sinp,cosp) computes the sine and cosine of x with a single
        -:  592:    function call, storing the sine in the memory pointed to by sinp, and
        -:  593:    the cosine in the memory pointed to by cosp. Edge cases match those of
        -:  594:    separate calls to sin( ) and cos( ).                                      */
        -:  595:__header_always_inline void __sincosf(float __x, float *__sinp, float *__cosp);
        -:  596:__header_always_inline void __sincos(double __x, double *__sinp, double *__cosp);
        -:  597:
        -:  598:/*  __sinpi(x) returns the sine of pi times x; __cospi(x) and __tanpi(x) return
        -:  599:    the cosine and tangent, respectively.  These functions can produce a more
        -:  600:    accurate answer than expressions of the form sin(M_PI * x) because they
        -:  601:    avoid any loss of precision that results from rounding the result of the
        -:  602:    multiplication M_PI * x.  They may also be significantly more efficient in
        -:  603:    some cases because the argument reduction for these functions is easier
        -:  604:    to compute.  Consult the man pages for edge case details.                 */
        -:  605:extern float __cospif(float) __API_AVAILABLE(macos(10.9), ios(7.0));
        -:  606:extern double __cospi(double) __API_AVAILABLE(macos(10.9), ios(7.0));
        -:  607:extern float __sinpif(float) __API_AVAILABLE(macos(10.9), ios(7.0));
        -:  608:extern double __sinpi(double) __API_AVAILABLE(macos(10.9), ios(7.0));
        -:  609:extern float __tanpif(float) __API_AVAILABLE(macos(10.9), ios(7.0));
        -:  610:extern double __tanpi(double) __API_AVAILABLE(macos(10.9), ios(7.0));
        -:  611:
        -:  612:#if (defined __MAC_OS_X_VERSION_MIN_REQUIRED && __MAC_OS_X_VERSION_MIN_REQUIRED < 1090) || \
        -:  613:    (defined __IPHONE_OS_VERSION_MIN_REQUIRED && __IPHONE_OS_VERSION_MIN_REQUIRED < 70000)
        -:  614:/*  __sincos and __sincosf were introduced in OSX 10.9 and iOS 7.0.  When
        -:  615:    targeting an older system, we simply split them up into discrete calls
        -:  616:    to sin( ) and cos( ).                                                     */
        -:  617:__header_always_inline void __sincosf(float __x, float *__sinp, float *__cosp) {
        -:  618:  *__sinp = sinf(__x);
        -:  619:  *__cosp = cosf(__x);
        -:  620:}
        -:  621:
        -:  622:__header_always_inline void __sincos(double __x, double *__sinp, double *__cosp) {
        -:  623:  *__sinp = sin(__x);
        -:  624:  *__cosp = cos(__x);
        -:  625:}
        -:  626:#else
        -:  627:/*  __sincospi(x,sinp,cosp) computes the sine and cosine of pi times x with a
        -:  628:    single function call, storing the sine in the memory pointed to by sinp,
        -:  629:    and the cosine in the memory pointed to by cosp.  Edge cases match those
        -:  630:    of separate calls to __sinpi( ) and __cospi( ), and are documented in the
        -:  631:    man pages.
        -:  632: 
        -:  633:    These functions were introduced in OSX 10.9 and iOS 7.0.  Because they are
        -:  634:    implemented as header inlines, weak-linking does not function as normal,
        -:  635:    and they are simply hidden when targeting earlier OS versions.            */
        -:  636:__header_always_inline void __sincospif(float __x, float *__sinp, float *__cosp);
        -:  637:__header_always_inline void __sincospi(double __x, double *__sinp, double *__cosp);
        -:  638:
        -:  639:/*  Implementation details of __sincos and __sincospi allowing them to return
        -:  640:    two results while allowing the compiler to optimize away unnecessary load-
        -:  641:    store traffic.  Although these interfaces are exposed in the math.h header
        -:  642:    to allow compilers to generate better code, users should call __sincos[f]
        -:  643:    and __sincospi[f] instead and allow the compiler to emit these calls.     */
        -:  644:struct __float2 { float __sinval; float __cosval; };
        -:  645:struct __double2 { double __sinval; double __cosval; };
        -:  646:
        -:  647:extern struct __float2 __sincosf_stret(float);
        -:  648:extern struct __double2 __sincos_stret(double);
        -:  649:extern struct __float2 __sincospif_stret(float);
        -:  650:extern struct __double2 __sincospi_stret(double);
        -:  651:
        -:  652:__header_always_inline void __sincosf(float __x, float *__sinp, float *__cosp) {
        -:  653:    const struct __float2 __stret = __sincosf_stret(__x);
        -:  654:    *__sinp = __stret.__sinval; *__cosp = __stret.__cosval;
        -:  655:}
        -:  656:
        -:  657:__header_always_inline void __sincos(double __x, double *__sinp, double *__cosp) {
        -:  658:    const struct __double2 __stret = __sincos_stret(__x);
        -:  659:    *__sinp = __stret.__sinval; *__cosp = __stret.__cosval;
        -:  660:}
        -:  661:
        -:  662:__header_always_inline void __sincospif(float __x, float *__sinp, float *__cosp) {
        -:  663:    const struct __float2 __stret = __sincospif_stret(__x);
        -:  664:    *__sinp = __stret.__sinval; *__cosp = __stret.__cosval;
        -:  665:}
        -:  666:
        -:  667:__header_always_inline void __sincospi(double __x, double *__sinp, double *__cosp) {
        -:  668:    const struct __double2 __stret = __sincospi_stret(__x);
        -:  669:    *__sinp = __stret.__sinval; *__cosp = __stret.__cosval;
        -:  670:}
        -:  671:#endif
        -:  672:
        -:  673:/******************************************************************************
        -:  674: *  POSIX/UNIX extensions to the C standard                                   *
        -:  675: ******************************************************************************/
        -:  676:
        -:  677:#if __DARWIN_C_LEVEL >= 199506L
        -:  678:extern double j0(double) __API_AVAILABLE(macos(10.0), ios(3.2));
        -:  679:extern double j1(double) __API_AVAILABLE(macos(10.0), ios(3.2));
        -:  680:extern double jn(int, double) __API_AVAILABLE(macos(10.0), ios(3.2));
        -:  681:extern double y0(double) __API_AVAILABLE(macos(10.0), ios(3.2));
        -:  682:extern double y1(double) __API_AVAILABLE(macos(10.0), ios(3.2));
        -:  683:extern double yn(int, double) __API_AVAILABLE(macos(10.0), ios(3.2));
        -:  684:extern double scalb(double, double); 
        -:  685:extern int signgam;
        -:  686:
        -:  687:/*  Even though these might be more useful as long doubles, POSIX requires
        -:  688:    that they be double-precision literals.                                   */
        -:  689:#define M_E         2.71828182845904523536028747135266250   /* e              */
        -:  690:#define M_LOG2E     1.44269504088896340735992468100189214   /* log2(e)        */
        -:  691:#define M_LOG10E    0.434294481903251827651128918916605082  /* log10(e)       */
        -:  692:#define M_LN2       0.693147180559945309417232121458176568  /* loge(2)        */
        -:  693:#define M_LN10      2.30258509299404568401799145468436421   /* loge(10)       */
        -:  694:#define M_PI        3.14159265358979323846264338327950288   /* pi             */
        -:  695:#define M_PI_2      1.57079632679489661923132169163975144   /* pi/2           */
        -:  696:#define M_PI_4      0.785398163397448309615660845819875721  /* pi/4           */
        -:  697:#define M_1_PI      0.318309886183790671537767526745028724  /* 1/pi           */
        -:  698:#define M_2_PI      0.636619772367581343075535053490057448  /* 2/pi           */
        -:  699:#define M_2_SQRTPI  1.12837916709551257389615890312154517   /* 2/sqrt(pi)     */
        -:  700:#define M_SQRT2     1.41421356237309504880168872420969808   /* sqrt(2)        */
        -:  701:#define M_SQRT1_2   0.707106781186547524400844362104849039  /* 1/sqrt(2)      */
        -:  702:
        -:  703:#define MAXFLOAT    0x1.fffffep+127f
        -:  704:#endif /* __DARWIN_C_LEVEL >= 199506L */
        -:  705:
        -:  706:/*  Long-double versions of M_E, etc for convenience on Intel where long-
        -:  707:    double is not the same as double.  Define __MATH_LONG_DOUBLE_CONSTANTS
        -:  708:    to make these constants available.                                        */
        -:  709:#if defined __MATH_LONG_DOUBLE_CONSTANTS
        -:  710:#define M_El        0xa.df85458a2bb4a9bp-2L
        -:  711:#define M_LOG2El    0xb.8aa3b295c17f0bcp-3L
        -:  712:#define M_LOG10El   0xd.e5bd8a937287195p-5L
        -:  713:#define M_LN2l      0xb.17217f7d1cf79acp-4L
        -:  714:#define M_LN10l     0x9.35d8dddaaa8ac17p-2L
        -:  715:#define M_PIl       0xc.90fdaa22168c235p-2L
        -:  716:#define M_PI_2l     0xc.90fdaa22168c235p-3L
        -:  717:#define M_PI_4l     0xc.90fdaa22168c235p-4L
        -:  718:#define M_1_PIl     0xa.2f9836e4e44152ap-5L
        -:  719:#define M_2_PIl     0xa.2f9836e4e44152ap-4L
        -:  720:#define M_2_SQRTPIl 0x9.06eba8214db688dp-3L
        -:  721:#define M_SQRT2l    0xb.504f333f9de6484p-3L
        -:  722:#define M_SQRT1_2l  0xb.504f333f9de6484p-4L
        -:  723:#endif /* defined __MATH_LONG_DOUBLE_CONSTANTS */
        -:  724:
        -:  725:/******************************************************************************
        -:  726: *  Legacy BSD extensions to the C standard                                   *
        -:  727: ******************************************************************************/
        -:  728:
        -:  729:#if __DARWIN_C_LEVEL >= __DARWIN_C_FULL
        -:  730:#define FP_SNAN		FP_NAN
        -:  731:#define FP_QNAN		FP_NAN
        -:  732:#define	HUGE		MAXFLOAT
        -:  733:#define X_TLOSS		1.41484755040568800000e+16 
        -:  734:#define	DOMAIN		1
        -:  735:#define	SING		2
        -:  736:#define	OVERFLOW	3
        -:  737:#define	UNDERFLOW	4
        -:  738:#define	TLOSS		5
        -:  739:#define	PLOSS		6
        -:  740:
        -:  741:#if defined __i386__ || defined __x86_64__
        -:  742:/* Legacy BSD API; use the C99 `lrint( )` function instead.                   */
        -:  743:extern long int rinttol(double)
        -:  744:__API_DEPRECATED_WITH_REPLACEMENT("lrint", macos(10.0, 10.9)) __API_UNAVAILABLE(ios, watchos, tvos);
        -:  745:/* Legacy BSD API; use the C99 `lround( )` function instead.                  */
        -:  746:extern long int roundtol(double)
        -:  747:__API_DEPRECATED_WITH_REPLACEMENT("lround", macos(10.0, 10.9)) __API_UNAVAILABLE(ios, watchos, tvos);
        -:  748:/* Legacy BSD API; use the C99 `remainder( )` function instead.               */
        -:  749:extern double drem(double, double)
        -:  750:__API_DEPRECATED_WITH_REPLACEMENT("remainder", macos(10.0, 10.9)) __API_UNAVAILABLE(ios, watchos, tvos);
        -:  751:/* Legacy BSD API; use the C99 `isfinite( )` macro instead.                   */
        -:  752:extern int finite(double)
        -:  753:__API_DEPRECATED("Use `isfinite((double)x)` instead.", macos(10.0, 10.9)) __API_UNAVAILABLE(ios, watchos, tvos);
        -:  754:/* Legacy BSD API; use the C99 `tgamma( )` function instead.                  */
        -:  755:extern double gamma(double)
        -:  756:__API_DEPRECATED_WITH_REPLACEMENT("tgamma", macos(10.0, 10.9)) __API_UNAVAILABLE(ios, watchos, tvos);
        -:  757:/* Legacy BSD API; use `2*frexp( )` or `scalbn(x, -ilogb(x))` instead.        */
        -:  758:extern double significand(double)
        -:  759:__API_DEPRECATED("Use `2*frexp( )` or `scalbn(x, -ilogb(x))` instead.", macos(10.0, 10.9)) __API_UNAVAILABLE(ios, watchos, tvos);
        -:  760:#endif
        -:  761:
        -:  762:#if !defined __cplusplus
        -:  763:struct exception {
        -:  764:    int type;
        -:  765:    char *name;
        -:  766:    double arg1;
        -:  767:    double arg2;
        -:  768:    double retval;
        -:  769:};
        -:  770:
        -:  771:#endif /* !defined __cplusplus */
        -:  772:#endif /* __DARWIN_C_LEVEL >= __DARWIN_C_FULL */
        -:  773:
        -:  774:__END_DECLS
        -:  775:#endif /* __MATH_H__ */
